Tue Sep  2 11:22:55 2025 ------ World Loaded ------
Tue Sep  2 11:22:55 2025 Reporauno (Red) [Headshot] Router (Blue)
Tue Sep  2 11:22:55 2025 Welcome to aloha.pk tower of babel
Tue Sep  2 11:22:56 2025 Map: SandIsland by Qult---(Atelsa)
Tue Sep  2 11:22:58 2025 Game mode: babel
Tue Sep  2 11:23:00 2025 Build a tower to get the enemy's intel. Take it to your team's tent to win!
Tue Sep  2 11:23:02 2025 Visit our community forum at https://aloha.pk/
Tue Sep  2 11:23:04 2025 [Global] Nabeste (Red): in the war im so back behind im not even in it 
Tue Sep  2 11:23:04 2025 Come chat with us at https://discord.aloha.pk/
Tue Sep  2 11:23:09 2025 [Global] not a wor (Red): me too!
Tue Sep  2 11:23:11 2025 You must be closer to the enemy's base to shoot blocks!
Tue Sep  2 11:23:12 2025 [Global] Nabeste (Red): please guys dont go die in wars
Tue Sep  2 11:23:13 2025 [Global] Reporauno (Red): hello mr soup
Tue Sep  2 11:23:16 2025 [Global] Router (Blue): SOPA
Tue Sep  2 11:23:19 2025 Kira (Red) [SMG] wieranyd (Blue)
Tue Sep  2 11:23:19 2025 [Global] not a wor (Red): SOPAAA
Tue Sep  2 11:23:20 2025 [Global] ATORRES_BR! (Blue): SOPA BRUVS
Tue Sep  2 11:23:21 2025 Player wieranyd has left
Tue Sep  2 11:23:23 2025 Kira (Red) [SMG] Router (Blue)
Tue Sep  2 11:23:23 2025 [Global] Router (Blue): lobes you atorres bru
Tue Sep  2 11:23:23 2025 [Global] ATORRES_BR! (Blue): sopaaa
Tue Sep  2 11:23:24 2025 klkl322 (Red) [Headshot] ATORRES_BR! (Blue)
Tue Sep  2 11:23:25 2025 [Global] Marshmello (Red): Kira dont go higher
Tue Sep  2 11:23:29 2025 Joe Rogan (Red) [Headshot] dragunowka (Blue)
Tue Sep  2 11:23:33 2025  Visit our community forums at https://aloha.pk/
Tue Sep  2 11:23:34 2025 Sangdegivre (Blue) [Headshot] Joe Rogan (Red)
Tue Sep  2 11:23:34 2025 Router joined Spectator team
Tue Sep  2 11:23:37 2025 [Global] ATORRES_BR! (Blue): testing the new client to sopa spades
Tue Sep  2 11:23:38 2025 [Global] Marshmello (Red): hnx joe
Tue Sep  2 11:23:41 2025 [Global] ATORRES_BR! (Blue): back
Tue Sep  2 11:23:43 2025 [Global] Joe Rogan (Red): np
Tue Sep  2 11:23:44 2025 Disconnecting
