Mon Sep 22 22:22:14 2025 ------ World Loaded ------
Mon Sep 22 22:22:14 2025 Welcome to aloha.pk tower of babel
Mon Sep 22 22:22:15 2025 Map: standoff by TheGrandmaster
Mon Sep 22 22:22:17 2025 Game mode: babel
Mon Sep 22 22:22:18 2025  This server runs imger and glow. Use /IMG or /GLOW to toggle them.
Mon Sep 22 22:22:19 2025 Build a tower to get the enemy's intel. Take it to your team's tent to win!
Mon Sep 22 22:22:20 2025 Trains [TWR] (Blue) [SMG] | TheSan (Red)
Mon Sep 22 22:22:21 2025 Visit our community forum at https://aloha.pk/
Mon Sep 22 22:22:23 2025 [Global] Trains [TWR] (Blue): we destroyed
Mon Sep 22 22:22:23 2025 Come chat with us at https://discord.aloha.pk/
Mon Sep 22 22:22:26 2025 reagon (Red) [SMG] drgnwk (Blue)
Mon Sep 22 22:22:28 2025 You must be closer to the enemy's base to shoot blocks!
Mon Sep 22 22:22:29 2025 [Global] | TheSan (Red): att
Mon Sep 22 22:22:29 2025 You must be closer to the enemy's base to shoot blocks!
Mon Sep 22 22:22:29 2025 You must be closer to the enemy's base to shoot blocks!
Mon Sep 22 22:22:33 2025  Flowspinner has reached 1000 blocks placed! /heaven unlocked.
Mon Sep 22 22:22:40 2025 Trains [TWR] (Blue) [Headshot] pepe (Red)
Mon Sep 22 22:22:43 2025 reagon (Red) [SMG] ATORRES_BR! (Blue)
Mon Sep 22 22:22:44 2025 mariano (Blue) [Headshot] | TheSan (Red)
Mon Sep 22 22:22:48 2025 Trains [TWR] (Blue) [SMG] Flowspinner (Red)
Mon Sep 22 22:22:55 2025 Ditome joined Blue team
Mon Sep 22 22:22:57 2025 drgnwk (Blue) [Grenade] reagon (Red)
Mon Sep 22 22:22:58 2025 Disconnecting
