Wed Oct 15 00:12:43 2025 ------ World Loaded ------
Wed Oct 15 00:12:43 2025 Jamal (Blue) [Headshot] Nathan (Red)
Wed Oct 15 00:12:43 2025 Welcome to aloha.pk tower of babel
Wed Oct 15 00:12:44 2025 Map: The Alamo by Influx
Wed Oct 15 00:12:46 2025 Jamal (Blue) [Headshot] ivanjoporvan (Red)
Wed Oct 15 00:12:46 2025 Game mode: babel
Wed Oct 15 00:12:48 2025 Build a tower to get the enemy's intel. Take it to your team's tent to win!
Wed Oct 15 00:12:50 2025 Visit our community forum at https://aloha.pk/
Wed Oct 15 00:12:52 2025 Come chat with us at https://discord.aloha.pk/
Wed Oct 15 00:12:54 2025 [Global] ATORRES_BR! (Blue): hmmmmmmmmmmmmmmmmmmmmmmmmmmmm
Wed Oct 15 00:12:55 2025 ElHarry (Red) [Rifle] Jamal (Blue)
Wed Oct 15 00:12:58 2025 Regy picked up Red's Intel.
Wed Oct 15 00:12:58 2025 [Global] ATORRES_BR! (Blue): xcDDDDDDDDDDDDDDDDD
Wed Oct 15 00:13:04 2025 [Global] Jamal (Blue): ATORRESito!
Wed Oct 15 00:13:07 2025 [Global] ATORRES_BR! (Blue): THIS SERBER is so ramantica today
Wed Oct 15 00:13:10 2025 [Global] ATORRES_BR! (Blue): xD
Wed Oct 15 00:13:13 2025 h3kn joined Blue team
Wed Oct 15 00:13:14 2025 Regy (Blue) [Headshot] Nathan (Red)
Wed Oct 15 00:13:16 2025  Use /HEAVEN to paint the babel platform!
Wed Oct 15 00:13:17 2025 [Global] ATORRES_BR! (Blue): JAMALITO BRU, LOBE S U
Wed Oct 15 00:13:18 2025 ElHarry (Red) [Headshot] Jamal (Blue)
Wed Oct 15 00:13:21 2025 [Team] Regy (Blue): gg
Wed Oct 15 00:13:22 2025 [Global] ATORRES_BR! (Blue): so ramantic
Wed Oct 15 00:13:22 2025 [Team] Regy (Blue): ñw
Wed Oct 15 00:13:27 2025 Sebasz19 (Blue) [Headshot] vivian<3 (Red)
Wed Oct 15 00:13:27 2025 ivanjoporvan (Red) [Headshot] h3kn (Blue)
Wed Oct 15 00:13:29 2025 miguel (Blue) [Melee] ElHarry (Red)
Wed Oct 15 00:13:30 2025 [Global] ATORRES_BR! (Blue): real youwu ?
Wed Oct 15 00:13:32 2025 [Global] ATORRES_BR! (Blue): xD 
Wed Oct 15 00:13:32 2025 [Global] vivian<3 (Red): lol
Wed Oct 15 00:13:33 2025 [Global] Sebasz19 (Blue): dead
Wed Oct 15 00:13:39 2025 [Global] ATORRES_BR! (Blue): SOPA DA BIBIAN !
Wed Oct 15 00:13:41 2025 ElHarry (Red) [Rifle] miguel (Blue)
Wed Oct 15 00:13:43 2025 Jamal (Blue) [SMG] Nathan (Red)
Wed Oct 15 00:13:47 2025 vivian<3 (Red) [Headshot] Jamal (Blue)
Wed Oct 15 00:13:51 2025 [Global] ATORRES_BR! (Blue): SO ROMANTICA <3
Wed Oct 15 00:13:52 2025 Regy captured Red's Intel.
Wed Oct 15 00:13:54 2025 [Global] ATORRES_BR! (Blue): XD
Wed Oct 15 00:13:56 2025 h3kn (Blue) [Headshot] ivanjoporvan (Red)
Wed Oct 15 00:14:02 2025 Player h3kn has left
Wed Oct 15 00:14:03 2025 [Global] ATORRES_BR! (Blue): yuwu and him BF !
Wed Oct 15 00:14:05 2025 [Global] ATORRES_BR! (Blue): XddddddddD
Wed Oct 15 00:14:07 2025 Jamal (Blue) [SMG] Nathan (Red)
Wed Oct 15 00:14:08 2025 ElHarry (Red) [Headshot] Jamal (Blue)
Wed Oct 15 00:14:12 2025 [Global] ATORRES_BR! (Blue): ruskian LGBT 
Wed Oct 15 00:14:13 2025 Sebasz19 (Blue) [Headshot] ElHarry (Red)
Wed Oct 15 00:14:16 2025  Get a 20 killstreak and 1 intel capture(s) to unlock /APOC!
Wed Oct 15 00:14:17 2025 [Global] ATORRES_BR! (Blue): xD
Wed Oct 15 00:14:18 2025 miguel (Blue) [Headshot] Jose (Red)
Wed Oct 15 00:14:19 2025 [Global] ATORRES_BR! (Blue): DELICIOUS
Wed Oct 15 00:14:22 2025 [Global] ATORRES_BR! (Blue): XD
Wed Oct 15 00:14:24 2025 vivian<3 (Red) [Headshot] Suture (Blue)
Wed Oct 15 00:14:26 2025 ivanjoporvan (Red) [SMG] ATORRES_BR! (Blue)
Wed Oct 15 00:14:28 2025 [Global] ATORRES_BR! (Blue): NAH
Wed Oct 15 00:14:30 2025 Nathan (Red) [Headshot] miguel (Blue)
Wed Oct 15 00:14:34 2025 Sebasz19 (Blue) [SMG] ElHarry (Red)
Wed Oct 15 00:14:41 2025 [Global] Y.O.B.A. (): we all kno that u love shemales aterros
Wed Oct 15 00:14:43 2025 Jamal (Blue) [Headshot] vivian<3 (Red)
Wed Oct 15 00:14:44 2025 [Global] ATORRES_BR! (Blue): LOT a burber are sleeping
Wed Oct 15 00:14:48 2025 [Global] ATORRES_BR! (Blue): go to FUN
Wed Oct 15 00:14:49 2025 ElHarry (Red) [Headshot] Sebasz19 (Blue)
Wed Oct 15 00:14:50 2025 [Global] Jamal (Blue): Great shot
Wed Oct 15 00:14:50 2025 Suture (Blue) [Grenade] ivanjoporvan (Red)
Wed Oct 15 00:14:51 2025 [Global] ATORRES_BR! (Blue): xD
Wed Oct 15 00:15:02 2025 ElHarry (Red) [Headshot] Jamal (Blue)
Wed Oct 15 00:15:10 2025 vivian<3 (Red) [Headshot] Regy (Blue)
Wed Oct 15 00:15:15 2025 Player Nathan has left
Wed Oct 15 00:15:16 2025  Capture your team's 5th intel to unlock /APOC for your team's best builder!
Wed Oct 15 00:15:20 2025 [Global] ATORRES_BR! (Blue): puupá
Wed Oct 15 00:15:21 2025 ivanjoporvan (Red) [Headshot] Sebasz19 (Blue)
Wed Oct 15 00:15:22 2025 ElHarry (Red) [Headshot] miguel (Blue)
Wed Oct 15 00:15:24 2025 Player miguel has left
Wed Oct 15 00:15:36 2025 Sebasz19 (Blue) [Grenade] ivanjoporvan (Red)
Wed Oct 15 00:15:36 2025 [Global] Jamal (Blue): @not a burner, I think that problem with Linux crashing before was a corrupted partition
Wed Oct 15 00:15:44 2025 [Global] ATORRES_BR! (Blue): sleepingh
Wed Oct 15 00:15:46 2025 [Global] ATORRES_BR! (Blue): shhhhhhhhhhh
Wed Oct 15 00:15:49 2025 Sebasz19 (Blue) [SMG] vivian<3 (Red)
Wed Oct 15 00:15:50 2025 Nathan joined Red team
Wed Oct 15 00:15:53 2025 [Global] ATORRES_BR! (Blue): domt weakup him
Wed Oct 15 00:15:54 2025 Sebasz19 (Blue) [Headshot] ElHarry (Red)
Wed Oct 15 00:15:55 2025 [Global] ATORRES_BR! (Blue): shhhhhhhhhhhhhhh
Wed Oct 15 00:16:04 2025 [Team] ATORRES_BR! (Blue): SOPA are so delicious <3
Wed Oct 15 00:16:06 2025 ivanjoporvan (Red) [SMG] Regy (Blue)
Wed Oct 15 00:16:08 2025 ElHarry (Red) [Headshot] Sebasz19 (Blue)
Wed Oct 15 00:16:16 2025  Mahalo for playing aloha.pk tower of babel
Wed Oct 15 00:16:29 2025 ElHarry (Red) [Headshot] Suture (Blue)
Wed Oct 15 00:16:30 2025 Sebasz19 (Blue) [Headshot] ivanjoporvan (Red)
Wed Oct 15 00:16:32 2025 [Global] Jamal (Blue): It's been years and I still don't know what "soupy" and "Sopa" are?
Wed Oct 15 00:16:35 2025 ElHarry (Red) [Rifle] ^w^  (Blue)
Wed Oct 15 00:16:37 2025 [Global] Suture (Blue): soup
Wed Oct 15 00:16:38 2025 ElHarry (Red) [Headshot] Jamal (Blue)
Wed Oct 15 00:16:39 2025 ElHarry (Red) [Headshot] ^w^  (Blue)
Wed Oct 15 00:16:42 2025 [Team] ATORRES_BR! (Blue): SOPA are so delicious <3
Wed Oct 15 00:16:44 2025 [Global] ATORRES_BR! (Blue): yah BRU
Wed Oct 15 00:16:45 2025 ElHarry (Red) [Headshot] Suture (Blue)
Wed Oct 15 00:16:49 2025 ElHarry (Red) [Headshot] ^w^  (Blue)
Wed Oct 15 00:16:54 2025 ElHarry (Red) [Headshot] Suture (Blue)
Wed Oct 15 00:16:57 2025 Sebasz19 (Blue) [Grenade] ElHarry (Red)
Wed Oct 15 00:16:57 2025 Sebasz19 (Blue) [Grenade] vivian<3 (Red)
Wed Oct 15 00:17:02 2025 [Global] Jamal (Blue): Tell me in English what "Sopa" is?
Wed Oct 15 00:17:02 2025 Regy picked up Red's Intel.
Wed Oct 15 00:17:07 2025 [Global] ATORRES_BR! (Blue): SUP
Wed Oct 15 00:17:08 2025 [Global] ATORRES_BR! (Blue): soupy
Wed Oct 15 00:17:09 2025 Regy dropped Red's Intel
Wed Oct 15 00:17:09 2025 ElHarry (Red) [Headshot] Regy (Blue)
Wed Oct 15 00:17:12 2025 Jamal (Blue) [Headshot] Nathan (Red)
Wed Oct 15 00:17:16 2025  Build a tower to get the enemy's intel. Take it to your team's tent to win!
Wed Oct 15 00:17:20 2025 ElHarry (Red) [Headshot] Jamal (Blue)
Wed Oct 15 00:17:28 2025 vivian<3 (Red) [Headshot] Suture (Blue)
Wed Oct 15 00:17:28 2025 ATORRES_BR! (Blue) [Headshot] Nathan (Red)
Wed Oct 15 00:17:32 2025 ^w^  (Blue) [SMG] vivian<3 (Red)
Wed Oct 15 00:17:34 2025 ^w^  (Blue) [Headshot] ElHarry (Red)
Wed Oct 15 00:17:36 2025 Jamal (Blue) [Headshot] ivanjoporvan (Red)
Wed Oct 15 00:17:37 2025 ElHarry (Red) [Headshot] Sebasz19 (Blue)
Wed Oct 15 00:17:43 2025 [Global] ATORRES_BR! (Blue): natha sdup
Wed Oct 15 00:17:48 2025 ElHarry (Red) [Headshot] Jamal (Blue)
Wed Oct 15 00:17:50 2025 [Global] ATORRES_BR! (Blue): sopá du nathamn
Wed Oct 15 00:17:54 2025 ElHarry (Red) [Headshot] Suture (Blue)
Wed Oct 15 00:18:01 2025 ElHarry (Red) [Headshot] ^w^  (Blue)
Wed Oct 15 00:18:24 2025 Deuce1 joined Red team
Wed Oct 15 00:18:24 2025  Type /HELP for info & commands
Wed Oct 15 00:18:24 2025 Deuce1 (Red) [Headshot] ATORRES_BR! (Blue)
Wed Oct 15 00:18:24 2025 Jamal (Blue) [Headshot] ElHarry (Red)
Wed Oct 15 00:18:24 2025 Regy picked up Red's Intel.
Wed Oct 15 00:18:24 2025 Player Deuce1 has left
Wed Oct 15 00:18:26 2025 vivian<3 (Red) [Headshot] ATORRES_BR! (Blue)
Wed Oct 15 00:18:27 2025 [Global] ATORRES_BR! (Blue): NAH
Wed Oct 15 00:18:29 2025 ElHarry (Red) [Headshot] Jamal (Blue)
Wed Oct 15 00:18:32 2025 Unknown command
Wed Oct 15 00:18:34 2025 Sebasz19 (Blue) [Headshot] ivanjoporvan (Red)
Wed Oct 15 00:18:35 2025 Your ping is 174ms. Lower ping is better!
Wed Oct 15 00:18:38 2025 vivian<3 (Red) [Headshot] Sebasz19 (Blue)
Wed Oct 15 00:18:41 2025 ^w^  (Blue) [SMG] vivian<3 (Red)
Wed Oct 15 00:18:47 2025 ^w^  (Blue) [Headshot] ElHarry (Red)
Wed Oct 15 00:18:50 2025 Disconnecting
