Wed Sep 10 23:33:00 2025 ------ World Loaded ------
Wed Sep 10 23:33:01 2025 Welcome to aloha.pk tower of babel
Wed Sep 10 23:33:02 2025 Map: Swag 2 by Lostmotel
Wed Sep 10 23:33:04 2025 Game mode: babel
Wed Sep 10 23:33:06 2025 Build a tower to get the enemy's intel. Take it to your team's tent to win!
Wed Sep 10 23:33:08 2025 Visit our community forum at https://aloha.pk/
Wed Sep 10 23:33:10 2025 Come chat with us at https://discord.aloha.pk/
Wed Sep 10 23:33:12 2025 [Global] ATORRES_BR! (Red): HMMM 
Wed Sep 10 23:33:15 2025 [Team] ATORRES_BR! (Red): mensaje automático con la letra P
Wed Sep 10 23:33:16 2025 [Team] ATORRES_BR! (Red): mensaje automático con la letra P
Wed Sep 10 23:33:16 2025 [Team] ATORRES_BR! (Red): mensaje automático con la letra P
Wed Sep 10 23:33:18 2025 [Global] not a burner (): MMMH
Wed Sep 10 23:33:18 2025 Never (Blue) [Headshot] jmrx (Red)
Wed Sep 10 23:33:19 2025 Please wait before sending your next message.
Wed Sep 10 23:33:24 2025 Never (Blue) [SMG] Deuce1 (Red)
Wed Sep 10 23:33:29 2025 Gupfus (Blue) [Headshot] jmrx (Red)
Wed Sep 10 23:33:30 2025 [Global] ATORRES_BR! (Red): hmmm, burber, are here
Wed Sep 10 23:33:32 2025 [Global] ATORRES_BR! (Red): suspicious
Wed Sep 10 23:33:40 2025 [Global] not a burner (): MMMH, TORRES IS NEAR
Wed Sep 10 23:33:44 2025 [Global] ATORRES_BR! (Red): i will build my wall
Wed Sep 10 23:33:47 2025 Gupfus (Blue) [Headshot] jmrx (Red)
Wed Sep 10 23:33:47 2025 [Global] not a burner (): no
Wed Sep 10 23:33:53 2025 [Global] ATORRES_BR! (Red): and drink my beer <3
Wed Sep 10 23:33:54 2025 Deuce1 (Red) [Grenade] Never (Blue)
Wed Sep 10 23:34:00 2025 [Global] ATORRES_BR! (Red): lobes <3
Wed Sep 10 23:34:00 2025 Gupfus (Blue) [Headshot] jmrx (Red)
Wed Sep 10 23:34:03 2025 Player jmrx has left
Wed Sep 10 23:34:07 2025  Use /HEAVEN to paint the babel platform!
Wed Sep 10 23:34:10 2025 Deuce1 (Red) [SMG] Pedro (Blue)
Wed Sep 10 23:34:19 2025 Deuce1 (Red) [Headshot] Never (Blue)
Wed Sep 10 23:34:21 2025 [Global] Never (Blue): ?????
Wed Sep 10 23:34:25 2025 [Global] not a burner (): hax?
Wed Sep 10 23:34:37 2025 [Global] ATORRES_BR! (Red): NERVER lobes shemales <3
Wed Sep 10 23:34:37 2025 [Global] Never (Blue): no just good neet
Wed Sep 10 23:34:39 2025 [Global] ATORRES_BR! (Red): me too
Wed Sep 10 23:34:44 2025 Deuce1 (Red) [Headshot] emart (Blue)
Wed Sep 10 23:34:45 2025 Pedro (Blue) [SMG] Deuce1 (Red)
Wed Sep 10 23:34:49 2025 Never (Blue) [SMG] ATORRES_BR! (Red)
Wed Sep 10 23:34:53 2025 [Global] ATORRES_BR! (Red): NERVER lobes shemales <3
Wed Sep 10 23:34:54 2025 [Global] ATORRES_BR! (Red): me too
Wed Sep 10 23:34:57 2025 [Global] Never (Blue): i love everyonn
Wed Sep 10 23:34:58 2025 Deuce1 (Red) [Headshot] Pedro (Blue)
Wed Sep 10 23:35:01 2025 [Global] ATORRES_BR! (Red): hmmmmmmmmmmmmmmmm
Wed Sep 10 23:35:03 2025 Player emart has left
Wed Sep 10 23:35:06 2025 [Global] ATORRES_BR! (Red): a non binarie 
Wed Sep 10 23:35:07 2025 Deuce1 (Red) [SMG] Never (Blue)
Wed Sep 10 23:35:07 2025  Get a 20 killstreak and 1 intel capture(s) to unlock /APOC!
Wed Sep 10 23:35:09 2025 [Global] Never (Blue): ???
Wed Sep 10 23:35:10 2025 [Global] ATORRES_BR! (Red): interesting
Wed Sep 10 23:35:11 2025 [Global] ATORRES_BR! (Red): xD
Wed Sep 10 23:35:18 2025 Pedro (Blue) [SMG] Deuce1 (Red)
Wed Sep 10 23:35:24 2025 [Global] Never (Blue): no recoil 
Wed Sep 10 23:35:34 2025 Pedro (Blue) [SMG]
Wed Sep 10 23:35:37 2025 [Global] ATORRES_BR! (Red): recoil u panties ?
Wed Sep 10 23:35:39 2025 [Global] ATORRES_BR! (Red): hmmmmm
Wed Sep 10 23:35:39 2025 Deuce1 (Red) [Headshot] Gupfus (Blue)
Wed Sep 10 23:35:39 2025 [Global] not a burner (): never any recoil?
Wed Sep 10 23:35:43 2025 [Global] ATORRES_BR! (Red): interesting
Wed Sep 10 23:35:45 2025 Deuce1 (Red) [Headshot] Never (Blue)
Wed Sep 10 23:35:49 2025 [Global] ATORRES_BR! (Red): talk more about, never
Wed Sep 10 23:35:49 2025 [Global] Never (Blue): brah
Wed Sep 10 23:35:51 2025 [Global] ATORRES_BR! (Red): xD
Wed Sep 10 23:36:00 2025 [Global] ATORRES_BR! (Red): recoil u panties ?
Wed Sep 10 23:36:03 2025 Gupfus (Blue) [Rifle] Deuce1 (Red)
Wed Sep 10 23:36:03 2025 [Global] ATORRES_BR! (Red): interesting
Wed Sep 10 23:36:05 2025 [Global] ATORRES_BR! (Red): talk more about, never
Wed Sep 10 23:36:07 2025  Capture your team's 5th intel to unlock /APOC for your team's best builder!
Wed Sep 10 23:36:08 2025 [Global] ATORRES_BR! (Red): xD
Wed Sep 10 23:36:20 2025 Deuce1 (Red) [Headshot] Gupfus (Blue)
Wed Sep 10 23:36:23 2025 Anπo da Silva joined Red team
Wed Sep 10 23:36:25 2025 Pedro (Blue) [Headshot] Deuce1 (Red)
Wed Sep 10 23:36:34 2025 [Global] ATORRES_BR! (Red): Ammo da silva veado tb
Wed Sep 10 23:36:36 2025 Never (Blue) [SMG] Anπo da Silva (Red)
Wed Sep 10 23:36:41 2025 [Global] ATORRES_BR! (Red): Amo da silva gau too <3
Wed Sep 10 23:36:44 2025 Deuce1 (Red) [Headshot] Gupfus (Blue)
Wed Sep 10 23:36:44 2025 [Global] Anπo da Silva (Red): si fude
Wed Sep 10 23:36:47 2025 [Global] ATORRES_BR! (Red): xDF
Wed Sep 10 23:36:48 2025 Never (Blue) [Headshot] Deuce1 (Red)
Wed Sep 10 23:36:53 2025 [Global] ATORRES_BR! (Red): E AE LADRO
Wed Sep 10 23:36:56 2025 [Global] ATORRES_BR! (Red): LADRO DO DEMO
Wed Sep 10 23:36:58 2025 [Global] ATORRES_BR! (Red): xD
Wed Sep 10 23:37:07 2025 Deuce1 (Red) [SMG] Pedro (Blue)
Wed Sep 10 23:37:07 2025  Mahalo for playing aloha.pk tower of babel
Wed Sep 10 23:37:19 2025 Anπo da Silva (Red) [Rifle]
Wed Sep 10 23:37:27 2025 Player Anπo da Silva has left
Wed Sep 10 23:37:35 2025 Deuce1 (Red) [Headshot] Never (Blue)
Wed Sep 10 23:37:55 2025 Never (Blue) [Grenade] Deuce1 (Red)
Wed Sep 10 23:38:02 2025 Deuce1 (Red) [SMG] Gupfus (Blue)
Wed Sep 10 23:38:04 2025 Pedro (Blue) [Headshot] Deuce1 (Red)
Wed Sep 10 23:38:07 2025  Build a tower to get the enemy's intel. Take it to your team's tent to win!
Wed Sep 10 23:38:17 2025 Pedro (Blue) [Headshot] Deuce1 (Red)
Wed Sep 10 23:38:30 2025 Pedro (Blue) [Headshot] Deuce1 (Red)
Wed Sep 10 23:38:40 2025 Deuce1 (Red) [Headshot] Pedro (Blue)
Wed Sep 10 23:38:52 2025 Never (Blue) [SMG] Deuce1 (Red)
Wed Sep 10 23:39:03 2025 Deuce1 (Red) [SMG] Gupfus (Blue)
Wed Sep 10 23:39:05 2025 Player Gupfus has left
Wed Sep 10 23:39:07 2025  Type /HELP for info & commands
Wed Sep 10 23:39:11 2025 Deuce1 (Red) [SMG] Never (Blue)
Wed Sep 10 23:39:18 2025 Pedro (Blue) [SMG] Deuce1 (Red)
Wed Sep 10 23:39:34 2025 Deuce1 (Red) [SMG] Pedro (Blue)
Wed Sep 10 23:39:44 2025 Deuce1 (Red) [Headshot] Never (Blue)
Wed Sep 10 23:40:07 2025  Visit our community forums at https://aloha.pk/
Wed Sep 10 23:40:11 2025 Deuce1 (Red) [SMG] Never (Blue)
Wed Sep 10 23:40:12 2025 Pedro (Blue) [SMG] Deuce1 (Red)
Wed Sep 10 23:40:17 2025 ATORRES_BR! (Red) [Headshot] Never (Blue)
Wed Sep 10 23:40:25 2025 [Global] ATORRES_BR! (Red): SOPA du never
Wed Sep 10 23:40:27 2025 [Global] ATORRES_BR! (Red): hmmmmmmmmmmmmmmmmmm
Wed Sep 10 23:40:29 2025 [Global] ATORRES_BR! (Red): LOBES
Wed Sep 10 23:40:30 2025 [Global] ATORRES_BR! (Red): xD
Wed Sep 10 23:40:33 2025 [Global] not a burner (): no sopas here
Wed Sep 10 23:40:33 2025 Pedro (Blue) [Headshot] Deuce1 (Red)
Wed Sep 10 23:40:36 2025 [Global] ATORRES_BR! (Red): supped bru ?
Wed Sep 10 23:40:39 2025 [Global] Never (Blue): show  you
Wed Sep 10 23:40:44 2025 [Global] ATORRES_BR! (Red): yah, sup a lot
Wed Sep 10 23:40:46 2025 Anπo da Silva joined Red team
Wed Sep 10 23:40:50 2025 [Global] ATORRES_BR! (Red): has been supped the never
Wed Sep 10 23:40:57 2025 [Global] ATORRES_BR! (Red): AMMO DA SILVA VEADO
Wed Sep 10 23:40:57 2025 Pedro (Blue) [Headshot] Deuce1 (Red)
Wed Sep 10 23:41:02 2025 Pedro (Blue) [Headshot] Anπo da Silva (Red)
Wed Sep 10 23:41:07 2025 Deuce1 (Red) [Headshot] Pedro (Blue)
Wed Sep 10 23:41:07 2025  Come chat with us at https://discord.aloha.pk/
Wed Sep 10 23:41:09 2025 Deuce1 (Red) [Headshot] Never (Blue)
Wed Sep 10 23:41:20 2025 [Global] ATORRES_BR! (Red): hmmmm 
Wed Sep 10 23:41:27 2025 Deuce1 (Red) [Headshot] Never (Blue)
Wed Sep 10 23:41:28 2025 Pedro (Blue) [SMG] Deuce1 (Red)
Wed Sep 10 23:41:47 2025 [Global] ATORRES_BR! (Red): lot a burber has sleeping
Wed Sep 10 23:41:53 2025 [Global] not a burner (): no
Wed Sep 10 23:41:56 2025 Deuce1 (Red) [Headshot] Never (Blue)
Wed Sep 10 23:41:57 2025 Pedro (Blue) [SMG] Deuce1 (Red)
Wed Sep 10 23:41:58 2025 [Global] ATORRES_BR! (Red): go to broke the blue tower
Wed Sep 10 23:41:59 2025 [Global] Never (Blue): ?????????????????
Wed Sep 10 23:42:03 2025 [Global] ATORRES_BR! (Red): yah, u are sleeping
Wed Sep 10 23:42:07 2025  If you believe a player is breaking the rules, please let us know with /ADMIN
Wed Sep 10 23:42:08 2025 [Global] ATORRES_BR! (Red): go to bed burber
Wed Sep 10 23:42:09 2025 [Global] not a burner (): no
Wed Sep 10 23:42:10 2025 [Global] ATORRES_BR! (Red): bye
Wed Sep 10 23:42:15 2025 [Global] not a burner (): bye atorres
Wed Sep 10 23:42:22 2025 [Global] not a burner (): atorres is sleeping
Wed Sep 10 23:42:27 2025 [Global] ATORRES_BR! (Red): im here
Wed Sep 10 23:42:29 2025 PinkHair joined Blue team
Wed Sep 10 23:42:29 2025 [Global] ATORRES_BR! (Red): playing
Wed Sep 10 23:42:30 2025 [Global] not a burner (): no
Wed Sep 10 23:42:34 2025 Deuce1 (Red) [Headshot] Never (Blue)
Wed Sep 10 23:42:37 2025 Pedro (Blue) [SMG] Deuce1 (Red)
Wed Sep 10 23:42:43 2025 Never (Blue) [Shotgun] ATORRES_BR! (Red)
Wed Sep 10 23:42:47 2025 [Global] ATORRES_BR! (Red): PUPPA
Wed Sep 10 23:42:49 2025 [Global] Never (Blue): go  sleep uwu
Wed Sep 10 23:42:49 2025 [Global] ATORRES_BR! (Red): xD
Wed Sep 10 23:42:54 2025 [Global] ATORRES_BR! (Red): uwu
Wed Sep 10 23:42:55 2025 [Global] ATORRES_BR! (Red): xD
Wed Sep 10 23:42:57 2025 [Global] Never (Blue): xd
Wed Sep 10 23:42:58 2025 [Global] ATORRES_BR! (Red): are here ?
Wed Sep 10 23:43:02 2025 [Global] ATORRES_BR! (Red): GO TO SLEEP uwu
Wed Sep 10 23:43:07 2025  This server runs imger and glow. Use /IMG or /GLOW to toggle them.
Wed Sep 10 23:43:11 2025 Pedro (Blue) [Headshot] Deuce1 (Red)
Wed Sep 10 23:43:14 2025 spam joined Red team
Wed Sep 10 23:43:14 2025 [Global] ATORRES_BR! (Red): sopa du uwu
Wed Sep 10 23:43:17 2025 [Global] ATORRES_BR! (Red): xD hmmm
Wed Sep 10 23:43:28 2025 [Global] PinkHair (Blue): is deuce1 same as deuce?
Wed Sep 10 23:43:29 2025 Pedro (Blue) [SMG] Deuce1 (Red)
Wed Sep 10 23:43:35 2025 [Global] ATORRES_BR! (Red): uwu sounds like a asian gay
Wed Sep 10 23:43:36 2025 [Global] ATORRES_BR! (Red): <3
Wed Sep 10 23:43:48 2025 Deuce1 (Red) [SMG] Never (Blue)
Wed Sep 10 23:43:48 2025 Pedro (Blue) [Headshot] Deuce1 (Red)
Wed Sep 10 23:43:56 2025 spam (Red) [Headshot] Pedro (Blue)
Wed Sep 10 23:44:02 2025 Deuce1 (Red) [Headshot] PinkHair (Blue)
Wed Sep 10 23:44:07 2025  Use /EMOTE to draw an emote on the map!
Wed Sep 10 23:44:39 2025  Deuce1 has reached 1000 blocks placed! /heaven unlocked.
Wed Sep 10 23:44:52 2025 Pedro (Blue) [Headshot] spam (Red)
Wed Sep 10 23:45:07 2025  Use /HEAVEN to paint the babel platform!
Wed Sep 10 23:45:11 2025 Deuce1 (Red) [Headshot] Never (Blue)
Wed Sep 10 23:45:12 2025 [Global] PinkHair (Blue): Let's GO!!!!!!!!!!!!!!!!!!!!
Wed Sep 10 23:45:21 2025 Never (Blue) [Shotgun] ATORRES_BR! (Red)
Wed Sep 10 23:45:26 2025 [Global] Never (Blue): omaaa
Wed Sep 10 23:45:37 2025 Pedro (Blue) [Headshot] Deuce1 (Red)
Wed Sep 10 23:45:48 2025 Pedro (Blue) [Grenade] ATORRES_BR! (Red)
Wed Sep 10 23:45:49 2025 You must be closer to the enemy's base to grenade blocks!
Wed Sep 10 23:45:49 2025 You must be closer to the enemy's base to grenade blocks!
Wed Sep 10 23:45:50 2025 You must be closer to the enemy's base to grenade blocks!
Wed Sep 10 23:45:53 2025 [Global] ATORRES_BR! (Red): Pedro Gay
Wed Sep 10 23:45:56 2025 Deuce1 (Red) [Headshot] Pedro (Blue)
Wed Sep 10 23:45:58 2025 [Global] ATORRES_BR! (Red): HI PEDRO
Wed Sep 10 23:46:07 2025  Get a 20 killstreak and 1 intel capture(s) to unlock /APOC!
Wed Sep 10 23:46:08 2025 spam (Red) [Headshot] PinkHair (Blue)
Wed Sep 10 23:46:10 2025 [Global] ATORRES_BR! (Red): SOPA du PEDRO 
Wed Sep 10 23:46:19 2025 [Global] ATORRES_BR! (Red): PEDRO is a name ( Petter )
Wed Sep 10 23:46:24 2025 spam (Red) [Headshot] Never (Blue)
Wed Sep 10 23:46:26 2025 [Global] ATORRES_BR! (Red): PEDRO is not p *** do
Wed Sep 10 23:46:32 2025 Deuce1 (Red) [SMG] Pedro (Blue)
Wed Sep 10 23:46:34 2025 [Global] not a burner (): what
Wed Sep 10 23:46:42 2025 Never (Blue) [Grenade] Deuce1 (Red)
Wed Sep 10 23:46:42 2025 spam (Red) [Headshot] Never (Blue)
Wed Sep 10 23:46:44 2025 spam (Red) [Headshot] PinkHair (Blue)
Wed Sep 10 23:46:44 2025 [Global] ATORRES_BR! (Red): PEDRO, is a Brazilian name
Wed Sep 10 23:46:52 2025 [Global] PinkHair (Blue): I have to go to work in like 15 minute, so let's win this before then! <3
Wed Sep 10 23:46:56 2025 [Global] ATORRES_BR! (Red): but people think PEDRO is like a p *** do
Wed Sep 10 23:46:57 2025 Pedro (Blue) [Headshot] spam (Red)
Wed Sep 10 23:47:07 2025 Deuce1 (Red) [Headshot] Pedro (Blue)
Wed Sep 10 23:47:07 2025  Capture your team's 5th intel to unlock /APOC for your team's best builder!
Wed Sep 10 23:47:09 2025 Deuce1 (Red) [SMG] Never (Blue)
Wed Sep 10 23:47:12 2025 [Global] ATORRES_BR! (Red): PEDRO is petter
Wed Sep 10 23:47:13 2025 [Global] Never (Blue): man wth
Wed Sep 10 23:47:20 2025 spam (Red) [Headshot] PinkHair (Blue)
Wed Sep 10 23:47:25 2025 [Global] ATORRES_BR! (Red): i sup u ass never
Wed Sep 10 23:47:26 2025 Pedro (Blue) [Headshot] spam (Red)
Wed Sep 10 23:47:30 2025 [Global] ATORRES_BR! (Red): u anus arre mine
Wed Sep 10 23:47:35 2025 Pedro (Blue) [Headshot] Deuce1 (Red)
Wed Sep 10 23:47:49 2025 Deuce1 (Red) [Headshot] Never (Blue)
Wed Sep 10 23:47:58 2025 Pedro (Blue) [SMG] Deuce1 (Red)
Wed Sep 10 23:48:07 2025  Mahalo for playing aloha.pk tower of babel
Wed Sep 10 23:48:09 2025 Pedro (Blue) [SMG] spam (Red)
Wed Sep 10 23:48:11 2025 Never (Blue) [Headshot] ATORRES_BR! (Red)
Wed Sep 10 23:48:18 2025 Pedro (Blue) [Headshot] ATORRES_BR! (Red)
Wed Sep 10 23:48:20 2025 spam (Red) [Headshot] Pedro (Blue)
Wed Sep 10 23:48:43 2025 Deuce1 (Red) [SMG] Pedro (Blue)
Wed Sep 10 23:49:00 2025 spam (Red) [Rifle] PinkHair (Blue)
Wed Sep 10 23:49:07 2025  Build a tower to get the enemy's intel. Take it to your team's tent to win!
Wed Sep 10 23:49:12 2025 Pedro (Blue) [SMG] ATORRES_BR! (Red)
Wed Sep 10 23:49:17 2025 [Global] ATORRES_BR! (Red): pedro veado
Wed Sep 10 23:49:22 2025 [Global] PinkHair (Blue): I got a workplace meeting after this in 10 minute
Wed Sep 10 23:49:24 2025 [Global] ATORRES_BR! (Red): peter gay
Wed Sep 10 23:49:27 2025 Deuce1 (Red) [Headshot] Pedro (Blue)
Wed Sep 10 23:49:30 2025 spam (Red) [Headshot] Never (Blue)
Wed Sep 10 23:49:43 2025 PinkHair (Blue) [Fall]
Wed Sep 10 23:49:50 2025 [Global] ATORRES_BR! (Red): say about my sup client on you meetig
Wed Sep 10 23:49:56 2025 [Global] Never (Blue): atorres help us
Wed Sep 10 23:49:58 2025 Pedro (Blue) [SMG] spam (Red)
Wed Sep 10 23:50:06 2025 [Global] ATORRES_BR! (Red): say, hey bruvs, do u wnat knows about suppa server
Wed Sep 10 23:50:07 2025  Type /HELP for info & commands
Wed Sep 10 23:50:17 2025 Never (Blue) [SMG] Deuce1 (Red)
Wed Sep 10 23:50:18 2025 Never (Blue) [Headshot] ATORRES_BR! (Red)
Wed Sep 10 23:50:24 2025 Never (Blue) [Headshot] spam (Red)
Wed Sep 10 23:50:28 2025 [Global] ATORRES_BR! (Red): all yu bruvs will lobes knows about siuppa sperber
Wed Sep 10 23:50:29 2025 Anπo da Silva (Red) [Headshot] PinkHair (Blue)
Wed Sep 10 23:50:35 2025 Deuce1 (Red) [SMG]
Wed Sep 10 23:50:35 2025 [Global] ATORRES_BR! (Red): on ui meeting
Wed Sep 10 23:50:47 2025 Deuce1 (Red) [Headshot] Never (Blue)
Wed Sep 10 23:50:55 2025 Anπo da Silva (Red) [Headshot] PinkHair (Blue)
Wed Sep 10 23:50:58 2025 Deuce1 (Red) [Headshot] Pedro (Blue)
Wed Sep 10 23:51:07 2025  Visit our community forums at https://aloha.pk/
Wed Sep 10 23:51:30 2025 Deuce1 (Red) [SMG] PinkHair (Blue)
Wed Sep 10 23:51:34 2025 Pedro (Blue) [SMG] Deuce1 (Red)
Wed Sep 10 23:51:36 2025 PinkHair (Blue) [Team Change]
Wed Sep 10 23:51:36 2025 Pedro (Blue) [SMG] spam (Red)
Wed Sep 10 23:51:38 2025 Anπo da Silva (Red) [Rifle]
Wed Sep 10 23:51:44 2025 [Global] PinkHair (Blue): I gtg
Wed Sep 10 23:51:46 2025 Pedro (Blue) [SMG] Deuce1 (Red)
Wed Sep 10 23:51:48 2025 PinkHair joined Red team
Wed Sep 10 23:51:52 2025 [Global] PinkHair (Red): good game
Wed Sep 10 23:52:03 2025 Pedro (Blue) [Headshot] Anπo da Silva (Red)
Wed Sep 10 23:52:05 2025 Deuce1 (Red) [Headshot] Never (Blue)
Wed Sep 10 23:52:07 2025  Come chat with us at https://discord.aloha.pk/
Wed Sep 10 23:52:07 2025 Pedro (Blue) [Headshot] spam (Red)
Wed Sep 10 23:52:09 2025 Deuce1 (Red) [SMG] Pedro (Blue)
Wed Sep 10 23:52:13 2025 [Global] Never (Blue): balance
Wed Sep 10 23:52:16 2025 [Global] Deuce1 (Red): fuck you
Wed Sep 10 23:52:17 2025 spam (Red) [Team Change]
Wed Sep 10 23:52:21 2025 [Global] Never (Blue): cry u
Wed Sep 10 23:52:24 2025 spam joined Blue team
Wed Sep 10 23:52:32 2025 ATORRES_BR! (Red) [Headshot] spam (Blue)
Wed Sep 10 23:52:40 2025 PinkHair (Red) [Grenade]
Wed Sep 10 23:52:48 2025 PinkHair (Red) [Team Change]
Wed Sep 10 23:52:52 2025 ATORRES_BR! (Red) [Melee] spam (Blue)
Wed Sep 10 23:52:56 2025 [Global] spam (Blue): u are a rat
Wed Sep 10 23:52:56 2025 [Global] ATORRES_BR! (Red): sopa su span gay
Wed Sep 10 23:52:57 2025 [Global] PinkHair (Red): bye
Wed Sep 10 23:53:00 2025 PinkHair joined Blue team
Wed Sep 10 23:53:07 2025 [Global] ATORRES_BR! (Red): LOL
Wed Sep 10 23:53:07 2025  If you believe a player is breaking the rules, please let us know with /ADMIN
Wed Sep 10 23:53:09 2025 [Global] ATORRES_BR! (Red): sopa su span gay1
Wed Sep 10 23:53:13 2025 ATORRES_BR! (Red) [Melee] spam (Blue)
Wed Sep 10 23:53:16 2025 Deuce1 (Red) [Headshot] Never (Blue)
Wed Sep 10 23:53:21 2025 [Global] ATORRES_BR! (Red): SOPA SDU SPAN GAY
Wed Sep 10 23:53:23 2025 Pedro (Blue) [Headshot] Deuce1 (Red)
Wed Sep 10 23:53:31 2025 [Global] ATORRES_BR! (Red): LOL
Wed Sep 10 23:53:34 2025 Player PinkHair has left
Wed Sep 10 23:53:37 2025 [Global] ATORRES_BR! (Red): SUPPED ?
Wed Sep 10 23:53:37 2025 Deuce1 (Red) [SMG] Pedro (Blue)
Wed Sep 10 23:53:38 2025 [Global] ATORRES_BR! (Red): LOL
Wed Sep 10 23:53:44 2025 [Global] ATORRES_BR! (Red): 2X
Wed Sep 10 23:53:52 2025 [Global] ATORRES_BR! (Red): SOPA SU SPAN GAY
Wed Sep 10 23:53:54 2025 [Global] ATORRES_BR! (Red): zxD
Wed Sep 10 23:53:56 2025 [Team] ATORRES_BR! (Red): mensaje automático con la letra P
Wed Sep 10 23:53:56 2025 [Team] ATORRES_BR! (Red): SOPA are so delicious <3
Wed Sep 10 23:53:56 2025 Please wait before sending your next message.
Wed Sep 10 23:53:56 2025 Anπo da Silva (Red) [Rifle]
Wed Sep 10 23:54:02 2025 Please wait before sending your next message.
Wed Sep 10 23:54:07 2025  This server runs imger and glow. Use /IMG or /GLOW to toggle them.
Wed Sep 10 23:54:08 2025 [Global] ATORRES_BR! (Red): suppped twice
Wed Sep 10 23:54:09 2025 [Global] spam (Blue): spam 
Wed Sep 10 23:54:10 2025 [Global] ATORRES_BR! (Red): xd
Wed Sep 10 23:54:14 2025 [Global] spam (Blue): monon
Wed Sep 10 23:54:17 2025 [Global] ATORRES_BR! (Red): SOPA SDU SPAN GAY
Wed Sep 10 23:54:17 2025 [Global] spam (Blue): makako
Wed Sep 10 23:54:22 2025 [Global] ATORRES_BR! (Red): xDDDDDDDDDDDDDDDDDDDDDDDDDDDDDDDD
Wed Sep 10 23:54:28 2025 [Global] ATORRES_BR! (Red): supped ?
Wed Sep 10 23:54:32 2025 [Global] ATORRES_BR! (Red): relax bru
Wed Sep 10 23:54:38 2025 [Global] ATORRES_BR! (Red): i tak u ass 3x <3
Wed Sep 10 23:54:44 2025 [Global] ATORRES_BR! (Red): xD
Wed Sep 10 23:54:47 2025 [Global] ATORRES_BR! (Red): sopa du spam
Wed Sep 10 23:54:48 2025 [Global] ATORRES_BR! (Red): xD
Wed Sep 10 23:54:54 2025 Deuce1 (Red) [Fall]
Wed Sep 10 23:55:07 2025  Use /EMOTE to draw an emote on the map!
Wed Sep 10 23:55:17 2025 [Global] ATORRES_BR! (Red): sopa du spam
Wed Sep 10 23:55:19 2025 [Global] ATORRES_BR! (Red): gay
Wed Sep 10 23:55:19 2025 Deuce1 (Red) [Headshot] spam (Blue)
Wed Sep 10 23:55:23 2025 Deuce1 (Red) [Headshot] Never (Blue)
Wed Sep 10 23:55:24 2025 Pedro (Blue) [Headshot] Deuce1 (Red)
Wed Sep 10 23:55:28 2025 spam (Blue) [Headshot] Anπo da Silva (Red)
Wed Sep 10 23:55:43 2025 ATORRES_BR! (Red) [Rifle] Never (Blue)
Wed Sep 10 23:55:47 2025 Pedro (Blue) [SMG] Anπo da Silva (Red)
Wed Sep 10 23:55:50 2025 Never (Blue) [SMG] ATORRES_BR! (Red)
Wed Sep 10 23:55:57 2025 [Global] ATORRES_BR! (Red): sopa du never and do spam gay
Wed Sep 10 23:55:59 2025 [Global] ATORRES_BR! (Red): xD
Wed Sep 10 23:56:07 2025 [Global] ATORRES_BR! (Red): supped bruvs ?
Wed Sep 10 23:56:07 2025 [Global] spam (Blue): silence makako
Wed Sep 10 23:56:07 2025  Use /HEAVEN to paint the babel platform!
Wed Sep 10 23:56:10 2025 [Global] ATORRES_BR! (Red): XD
Wed Sep 10 23:56:12 2025 [Global] ATORRES_BR! (Red): xD
Wed Sep 10 23:56:15 2025 Deuce1 (Red) [Headshot] Pedro (Blue)
Wed Sep 10 23:56:17 2025 [Global] ATORRES_BR! (Red): sopa du spam
Wed Sep 10 23:56:23 2025 [Global] spam (Blue): sopa du makako
Wed Sep 10 23:56:23 2025 [Global] ATORRES_BR! (Red): yah,m im a rat <3
Wed Sep 10 23:56:31 2025 Never (Blue) [Headshot] Deuce1 (Red)
Wed Sep 10 23:56:33 2025 [Global] spam (Blue): nice, very honest
Wed Sep 10 23:56:39 2025 [Global] ATORRES_BR! (Red): XD
Wed Sep 10 23:56:44 2025 [Global] ATORRES_BR! (Red): but im supp u ass
Wed Sep 10 23:56:48 2025 [Global] ATORRES_BR! (Red): delicious pink ass
Wed Sep 10 23:56:49 2025 [Global] ATORRES_BR! (Red): xD
Wed Sep 10 23:56:52 2025 Pedro (Blue) [Headshot] Deuce1 (Red)
Wed Sep 10 23:56:59 2025 [Team] Deuce1 (Red): play fucking game
Wed Sep 10 23:57:00 2025 [Team] Deuce1 (Red): morons
Wed Sep 10 23:57:07 2025  Get a 20 killstreak and 1 intel capture(s) to unlock /APOC!
Wed Sep 10 23:57:08 2025 [Global] ATORRES_BR! (Red): xD
Wed Sep 10 23:57:08 2025 [Team] Deuce1 (Red): why am i alone here
Wed Sep 10 23:57:08 2025 sanguchito joined Blue team
Wed Sep 10 23:57:10 2025 [Team] Deuce1 (Red): playing
Wed Sep 10 23:57:19 2025 [Global] ATORRES_BR! (Red): u are a delicated whiote boy ?
Wed Sep 10 23:57:21 2025 [Global] ATORRES_BR! (Red): hmmmmmmmmmmm
Wed Sep 10 23:57:22 2025 [Global] Deuce1 (Red): hope you will die clowns
Wed Sep 10 23:57:28 2025 Player Deuce1 has left
Wed Sep 10 23:57:28 2025 sanguchito (Blue) [Rifle]
Wed Sep 10 23:57:34 2025 [Global] ATORRES_BR! (Red): sopa du spam
Wed Sep 10 23:57:46 2025 [Global] Never (Blue): fast conquest troya bros
Wed Sep 10 23:57:47 2025 [Global] ATORRES_BR! (Red): hmmm, now bruvs, lot a burber are sleeping
Wed Sep 10 23:57:51 2025 [Global] ATORRES_BR! (Red): lets stolen the game
Wed Sep 10 23:57:52 2025 [Global] spam (Blue): go to the fabela
Wed Sep 10 23:58:07 2025  Capture your team's 5th intel to unlock /APOC for your team's best builder!
Wed Sep 10 23:58:10 2025 spam (Blue) [Team Change]
Wed Sep 10 23:58:12 2025 spam joined Red team
Wed Sep 10 23:58:13 2025 sanguchito (Blue) [Rifle] Anπo da Silva (Red)
Wed Sep 10 23:58:13 2025 [Global] ATORRES_BR! (Red): fabela is a u mommy baginas
Wed Sep 10 23:58:22 2025 Player Anπo da Silva has left
Wed Sep 10 23:58:22 2025 spam (Red) [Headshot] Never (Blue)
Wed Sep 10 23:58:32 2025 Pedro (Blue) [Headshot] spam (Red)
Wed Sep 10 23:58:34 2025 [Global] ATORRES_BR! (Red): hmmm, now bruvs, lot a burber are sleeping
Wed Sep 10 23:58:39 2025 sanguchito (Blue) [Headshot] ATORRES_BR! (Red)
Wed Sep 10 23:58:39 2025 [Global] ATORRES_BR! (Red): hmmmmmmmmmmm
Wed Sep 10 23:58:44 2025 sanguchito (Blue) [Headshot] spam (Red)
Wed Sep 10 23:58:48 2025 [Global] ATORRES_BR! (Red): saguchito gay
Wed Sep 10 23:58:53 2025 Pedro (Blue) [Headshot] spam (Red)
Wed Sep 10 23:58:56 2025 [Global] ATORRES_BR! (Red): a benezuelan gay <3
Wed Sep 10 23:58:59 2025 Pedro (Blue) [SMG] ATORRES_BR! (Red)
Wed Sep 10 23:59:05 2025 ATORRES_BR! (Red) [Headshot] sanguchito (Blue)
Wed Sep 10 23:59:05 2025 Pedro (Blue) [Headshot] ATORRES_BR! (Red)
Wed Sep 10 23:59:07 2025  Mahalo for playing aloha.pk tower of babel
Wed Sep 10 23:59:10 2025 spam (Red) [Headshot] Pedro (Blue)
Wed Sep 10 23:59:11 2025 [Global] ATORRES_BR! (Red): sopa du saguchito
Wed Sep 10 23:59:12 2025 [Global] ATORRES_BR! (Red): xD
Wed Sep 10 23:59:20 2025 [Global] ATORRES_BR! (Red): supped sagu ?
Wed Sep 10 23:59:32 2025 Pedro (Blue) [Headshot] spam (Red)
Wed Sep 10 23:59:37 2025 [Team] ATORRES_BR! (Red): SOPA are so delicious <3
Wed Sep 10 23:59:38 2025 [Team] ATORRES_BR! (Red): mensaje automático con la letra P
Wed Sep 10 23:59:48 2025 sanguchito (Blue) [Rifle]
Thu Sep 11 00:00:07 2025  Build a tower to get the enemy's intel. Take it to your team's tent to win!
Thu Sep 11 00:00:18 2025 spam (Red) [Headshot] Pedro (Blue)
Thu Sep 11 00:00:25 2025 sanguchito (Blue) [Headshot] ATORRES_BR! (Red)
Thu Sep 11 00:00:29 2025 spam (Red) [Headshot] Never (Blue)
Thu Sep 11 00:00:31 2025 [Global] ATORRES_BR! (Red): hacking, hmmmm
Thu Sep 11 00:01:00 2025 Pedro (Blue) [Headshot] spam (Red)
Thu Sep 11 00:01:01 2025 Never (Blue) [Headshot] ATORRES_BR! (Red)
Thu Sep 11 00:01:07 2025  Type /HELP for info & commands
Thu Sep 11 00:01:10 2025 Player spam has left
Thu Sep 11 00:01:48 2025 sanguchito (Blue) [Headshot] ATORRES_BR! (Red)
Thu Sep 11 00:02:04 2025 Pedro (Blue) [SMG] ATORRES_BR! (Red)
Thu Sep 11 00:02:07 2025  Visit our community forums at https://aloha.pk/
Thu Sep 11 00:02:10 2025 [Global] ATORRES_BR! (Red): sopa du sanguchot gay
Thu Sep 11 00:02:15 2025 Pedro (Blue) [SMG] ATORRES_BR! (Red)
Thu Sep 11 00:02:26 2025 You must be closer to the enemy's base to shoot blocks!
Thu Sep 11 00:02:27 2025 Pedro (Blue) [Headshot] ATORRES_BR! (Red)
Thu Sep 11 00:02:42 2025 You must be closer to the enemy's base to grenade blocks!
Thu Sep 11 00:02:42 2025 You must be closer to the enemy's base to grenade blocks!
Thu Sep 11 00:02:42 2025 Pedro (Blue) [Headshot] ATORRES_BR! (Red)
Thu Sep 11 00:02:43 2025 You must be closer to the enemy's base to grenade blocks!
Thu Sep 11 00:02:50 2025 sanguchito (Blue) [Headshot] ATORRES_BR! (Red)
Thu Sep 11 00:03:03 2025 sanguchito (Blue) [Headshot] ATORRES_BR! (Red)
Thu Sep 11 00:03:07 2025 Disconnecting
